<?xml version="1.0" encoding="UTF-8" ?>
<testsuite errors="0" failures="8" hostname="oalpha-HP-2000-Notebook-PC" name="edu.fgcu.stesting.uiesg.Test" skipped="0" tests="143" time="2.104" timestamp="2015-04-23T05:53:11">
  <properties>
[...]
</properties>
  <testcase classname="edu.fgcu.stesting.uiesg.data.GraphOutputDataMockTest" name="testConstructorDefault" time="0.05" />
  <testcase classname="edu.fgcu.stesting.uiesg.data.GraphOutputDataMockTest" name="testGetNodeAsEdge" time="0.009" />
  <testcase classname="edu.fgcu.stesting.uiesg.data.GraphOutputDataMockTest" name="testAddEdge" time="0.002" />
  <testcase classname="edu.fgcu.stesting.uiesg.data.GraphOutputDataMockTest" name="testAddNode" time="0.006" />
  <testcase classname="edu.fgcu.stesting.uiesg.data.GraphOutputDataMockTest" name="testOrder" time="0.006" />
  <testcase classname="edu.fgcu.stesting.uiesg.data.GraphOutputDataMockTest" name="testLock" time="0.015" />
  <testcase classname="edu.fgcu.stesting.uiesg.data.GraphOutputDataMockTest" name="testSize" time="0.002" />
  <testcase classname="edu.fgcu.stesting.uiesg.data.GraphOutputDataMockTest" name="testAddActionLocked" time="0.009" />
  <testcase classname="edu.fgcu.stesting.uiesg.data.GraphOutputDataMockTest" name="testGetEdgeAsNode" time="0.002" />
  <testcase classname="edu.fgcu.stesting.uiesg.data.GraphOutputDataMockTest" name="testGetEdge" time="0.013" />
  <testcase classname="edu.fgcu.stesting.uiesg.data.GraphOutputDataMockTest" name="testGetNode" time="0.001" />
  <testcase classname="edu.fgcu.stesting.uiesg.data.GraphOutputDataMockTest" name="testGetAction" time="0.003" />
  <testcase classname="edu.fgcu.stesting.uiesg.data.GraphOutputDataMockTest" name="testConstructorIterator" time="0.002" />
  <testcase classname="edu.fgcu.stesting.uiesg.data.GraphOutputDataMockTest" name="testIndexOf" time="0.011" />
  <testcase classname="edu.fgcu.stesting.uiesg.data.MouseActionInputDataMockTest" name="testSize" time="0.001" />
  <testcase classname="edu.fgcu.stesting.uiesg.data.MouseActionInputDataMockTest" name="testAddPoint" time="0.001" />
  <testcase classname="edu.fgcu.stesting.uiesg.data.MouseActionInputDataMockTest" name="testEquals" time="0.001" />
  <testcase classname="edu.fgcu.stesting.uiesg.data.GraphOutputDataUnitTest" name="testEqualsC" time="0.041" />
  <testcase classname="edu.fgcu.stesting.uiesg.data.GraphOutputDataUnitTest" name="testEqualsD" time="0.113">
    <failure message="Expected exception: java.lang.AssertionError" type="junit.framework.AssertionFailedError">junit.framework.AssertionFailedError: Expected exception: java.lang.AssertionError
</failure>
  </testcase>
  <testcase classname="edu.fgcu.stesting.uiesg.data.GraphOutputDataUnitTest" name="testEquals" time="0.003" />
  <testcase classname="edu.fgcu.stesting.uiesg.data.GraphOutputDataUnitTest" name="testNotEquals" time="0.002" />
  <testcase classname="edu.fgcu.stesting.uiesg.data.GraphOutputDataUnitTest" name="testConstructorDefault" time="0.001" />
  <testcase classname="edu.fgcu.stesting.uiesg.data.GraphOutputDataUnitTest" name="testGetNodeAsEdge" time="0.002" />
  <testcase classname="edu.fgcu.stesting.uiesg.data.GraphOutputDataUnitTest" name="testAddEdge" time="0.002" />
  <testcase classname="edu.fgcu.stesting.uiesg.data.GraphOutputDataUnitTest" name="testAddNode" time="0.001" />
  <testcase classname="edu.fgcu.stesting.uiesg.data.GraphOutputDataUnitTest" name="testOrder" time="0.002" />
  <testcase classname="edu.fgcu.stesting.uiesg.data.GraphOutputDataUnitTest" name="testLock" time="0.001" />
  <testcase classname="edu.fgcu.stesting.uiesg.data.GraphOutputDataUnitTest" name="testSize" time="0.001" />
  <testcase classname="edu.fgcu.stesting.uiesg.data.GraphOutputDataUnitTest" name="testAddActionLocked" time="0.001" />
  <testcase classname="edu.fgcu.stesting.uiesg.data.GraphOutputDataUnitTest" name="testGetEdgeAsNode" time="0.002" />
  <testcase classname="edu.fgcu.stesting.uiesg.data.GraphOutputDataUnitTest" name="testGetEdge" time="0.001" />
  <testcase classname="edu.fgcu.stesting.uiesg.data.GraphOutputDataUnitTest" name="testGetNode" time="0.001" />
  <testcase classname="edu.fgcu.stesting.uiesg.data.GraphOutputDataUnitTest" name="testGetAction" time="0.002" />
  <testcase classname="edu.fgcu.stesting.uiesg.data.GraphOutputDataUnitTest" name="testConstructorIterator" time="0.001" />
  <testcase classname="edu.fgcu.stesting.uiesg.data.GraphOutputDataUnitTest" name="testIndexOf" time="0.003" />
  <testcase classname="edu.fgcu.stesting.uiesg.data.MouseActionInputDataUnitTest" name="testToString" time="0.006" />
  <testcase classname="edu.fgcu.stesting.uiesg.data.MouseActionInputDataUnitTest" name="testTimeStamp" time="0.003">
    <failure message="Expected exception: java.util.NoSuchElementException" type="junit.framework.AssertionFailedError">junit.framework.AssertionFailedError: Expected exception: java.util.NoSuchElementException
</failure>
  </testcase>
  <testcase classname="edu.fgcu.stesting.uiesg.data.MouseActionInputDataUnitTest" name="testSize" time="0.001" />
  <testcase classname="edu.fgcu.stesting.uiesg.data.MouseActionInputDataUnitTest" name="testAddPoint" time="0.001" />
  <testcase classname="edu.fgcu.stesting.uiesg.data.MouseActionInputDataUnitTest" name="testEquals" time="0.004">
    <failure message="Values should be different. Actual: MAID( #points: 3 )" type="junit.framework.AssertionFailedError">junit.framework.AssertionFailedError: Values should be different. Actual: MAID( #points: 3 )
	at edu.fgcu.stesting.uiesg.data.MouseActionInputDataMockTest.testEquals(Unknown Source)
</failure>
  </testcase>
  <testcase classname="edu.fgcu.stesting.uiesg.data.MouseGraphNodeUnitTest" name="testAsNot[0]" time="0.001" />
  <testcase classname="edu.fgcu.stesting.uiesg.data.MouseGraphNodeUnitTest" name="testRange[0]" time="0.001" />
  <testcase classname="edu.fgcu.stesting.uiesg.data.MouseGraphNodeUnitTest" name="testAs[0]" time="0.0" />
  <testcase classname="edu.fgcu.stesting.uiesg.data.MouseGraphNodeUnitTest" name="testGetType[0]" time="0.001" />
  <testcase classname="edu.fgcu.stesting.uiesg.data.MouseGraphNodeUnitTest" name="testSequene[0]" time="0.001" />
  <testcase classname="edu.fgcu.stesting.uiesg.data.MouseGraphNodeUnitTest" name="testDeviance[0]" time="0.001" />
  <testcase classname="edu.fgcu.stesting.uiesg.data.MouseGraphNodeUnitTest" name="testAsNot[1]" time="0.0" />
  <testcase classname="edu.fgcu.stesting.uiesg.data.MouseGraphNodeUnitTest" name="testRange[1]" time="0.001" />
  <testcase classname="edu.fgcu.stesting.uiesg.data.MouseGraphNodeUnitTest" name="testAs[1]" time="0.001" />
  <testcase classname="edu.fgcu.stesting.uiesg.data.MouseGraphNodeUnitTest" name="testGetType[1]" time="0.0" />
  <testcase classname="edu.fgcu.stesting.uiesg.data.MouseGraphNodeUnitTest" name="testSequene[1]" time="0.0" />
  <testcase classname="edu.fgcu.stesting.uiesg.data.MouseGraphNodeUnitTest" name="testDeviance[1]" time="0.001" />
  <testcase classname="edu.fgcu.stesting.uiesg.data.MouseGraphNodeUnitTest" name="testAsNot[2]" time="0.0" />
  <testcase classname="edu.fgcu.stesting.uiesg.data.MouseGraphNodeUnitTest" name="testRange[2]" time="0.0" />
  <testcase classname="edu.fgcu.stesting.uiesg.data.MouseGraphNodeUnitTest" name="testAs[2]" time="0.0" />
  <testcase classname="edu.fgcu.stesting.uiesg.data.MouseGraphNodeUnitTest" name="testGetType[2]" time="0.0" />
  <testcase classname="edu.fgcu.stesting.uiesg.data.MouseGraphNodeUnitTest" name="testSequene[2]" time="0.0" />
  <testcase classname="edu.fgcu.stesting.uiesg.data.MouseGraphNodeUnitTest" name="testDeviance[2]" time="0.0" />
  <testcase classname="edu.fgcu.stesting.uiesg.data.MouseGraphNodeUnitTest" name="testAsNot[3]" time="0.001" />
  <testcase classname="edu.fgcu.stesting.uiesg.data.MouseGraphNodeUnitTest" name="testRange[3]" time="0.001" />
  <testcase classname="edu.fgcu.stesting.uiesg.data.MouseGraphNodeUnitTest" name="testAs[3]" time="0.0" />
  <testcase classname="edu.fgcu.stesting.uiesg.data.MouseGraphNodeUnitTest" name="testGetType[3]" time="0.0" />
  <testcase classname="edu.fgcu.stesting.uiesg.data.MouseGraphNodeUnitTest" name="testSequene[3]" time="0.0" />
  <testcase classname="edu.fgcu.stesting.uiesg.data.MouseGraphNodeUnitTest" name="testDeviance[3]" time="0.002" />
  <testcase classname="edu.fgcu.stesting.uiesg.data.MouseGraphEdgeUnitTest" name="testPathType[0]" time="0.0" />
  <testcase classname="edu.fgcu.stesting.uiesg.data.MouseGraphEdgeUnitTest" name="testAsNot[0]" time="0.0" />
  <testcase classname="edu.fgcu.stesting.uiesg.data.MouseGraphEdgeUnitTest" name="testRange[0]" time="0.001" />
  <testcase classname="edu.fgcu.stesting.uiesg.data.MouseGraphEdgeUnitTest" name="testAs[0]" time="0.001" />
  <testcase classname="edu.fgcu.stesting.uiesg.data.MouseGraphEdgeUnitTest" name="testGetType[0]" time="0.0" />
  <testcase classname="edu.fgcu.stesting.uiesg.data.MouseGraphEdgeUnitTest" name="testSequene[0]" time="0.0" />
  <testcase classname="edu.fgcu.stesting.uiesg.data.MouseGraphEdgeUnitTest" name="testDeviance[0]" time="0.004">
    <failure message="expected:&lt;0.5&gt; but was:&lt;5.0&gt;" type="junit.framework.AssertionFailedError">junit.framework.AssertionFailedError: expected:&lt;0.5&gt; but was:&lt;5.0&gt;
	at edu.fgcu.stesting.uiesg.data.MouseGraphActionUnitTest.testDeviance(Unknown Source)
</failure>
  </testcase>
  <testcase classname="edu.fgcu.stesting.uiesg.data.MouseGraphEdgeUnitTest" name="testPathType[1]" time="0.001" />
  <testcase classname="edu.fgcu.stesting.uiesg.data.MouseGraphEdgeUnitTest" name="testAsNot[1]" time="0.0" />
  <testcase classname="edu.fgcu.stesting.uiesg.data.MouseGraphEdgeUnitTest" name="testRange[1]" time="0.0" />
  <testcase classname="edu.fgcu.stesting.uiesg.data.MouseGraphEdgeUnitTest" name="testAs[1]" time="0.001" />
  <testcase classname="edu.fgcu.stesting.uiesg.data.MouseGraphEdgeUnitTest" name="testGetType[1]" time="0.0" />
  <testcase classname="edu.fgcu.stesting.uiesg.data.MouseGraphEdgeUnitTest" name="testSequene[1]" time="0.001" />
  <testcase classname="edu.fgcu.stesting.uiesg.data.MouseGraphEdgeUnitTest" name="testDeviance[1]" time="0.017">
    <failure message="expected:&lt;0.5&gt; but was:&lt;5.0&gt;" type="junit.framework.AssertionFailedError">junit.framework.AssertionFailedError: expected:&lt;0.5&gt; but was:&lt;5.0&gt;
	at edu.fgcu.stesting.uiesg.data.MouseGraphActionUnitTest.testDeviance(Unknown Source)
</failure>
  </testcase>
  <testcase classname="edu.fgcu.stesting.uiesg.data.SiteEfficiencyDataUnitTest" name="testCalculateStatisticsLoaded" time="0.144" />
  <testcase classname="edu.fgcu.stesting.uiesg.data.SiteEfficiencyDataUnitTest" name="testCompileMouseDataLoaded" time="0.003" />
  <testcase classname="edu.fgcu.stesting.uiesg.data.SiteEfficiencyDataUnitTest" name="testNewMouseDataLoaded" time="0.003" />
  <testcase classname="edu.fgcu.stesting.uiesg.data.SiteEfficiencyDataUnitTest" name="testGetForDomainExistsWithFile" time="0.001" />
  <testcase classname="edu.fgcu.stesting.uiesg.data.SiteEfficiencyDataUnitTest" name="testIsLoadedNotLoaded" time="0.002" />
  <testcase classname="edu.fgcu.stesting.uiesg.data.SiteEfficiencyDataUnitTest" name="testGetForDomainNotExists" time="0.002" />
  <testcase classname="edu.fgcu.stesting.uiesg.data.SiteEfficiencyDataUnitTest" name="testLoadDataFileNotExists" time="0.002" />
  <testcase classname="edu.fgcu.stesting.uiesg.data.SiteEfficiencyDataUnitTest" name="testUnloadDataLoaded" time="0.007">
    <failure message="expected:&lt;363&gt; but was:&lt;27&gt;" type="junit.framework.AssertionFailedError">junit.framework.AssertionFailedError: expected:&lt;363&gt; but was:&lt;27&gt;
	at edu.fgcu.stesting.uiesg.data.SiteEfficiencyDataUnitTest.testUnloadDataLoaded(Unknown Source)
</failure>
  </testcase>
  <testcase classname="edu.fgcu.stesting.uiesg.data.SiteEfficiencyDataUnitTest" name="testIsLoadedLoaded" time="0.002" />
  <testcase classname="edu.fgcu.stesting.uiesg.data.SiteEfficiencyDataUnitTest" name="testNewMouseDataNotLoaded" time="0.001" />
  <testcase classname="edu.fgcu.stesting.uiesg.data.SiteEfficiencyDataUnitTest" name="testLoadDataFileExists" time="0.002" />
  <testcase classname="edu.fgcu.stesting.uiesg.data.SiteEfficiencyDataUnitTest" name="testLoadDataFileLoaded" time="0.001" />
  <testcase classname="edu.fgcu.stesting.uiesg.data.SiteEfficiencyDataUnitTest" name="testUnloadDataNotLoaded" time="0.001" />
  <testcase classname="edu.fgcu.stesting.uiesg.data.SiteEfficiencyDataUnitTest" name="testGetDomain" time="0.004" />
  <testcase classname="edu.fgcu.stesting.uiesg.data.SiteEfficiencyDataUnitTest" name="testCalculateStatisticsNotLoaded" time="0.003" />
  <testcase classname="edu.fgcu.stesting.uiesg.data.SiteEfficiencyDataUnitTest" name="testCompileMouseDataNotLoaded" time="0.005" />
  <testcase classname="edu.fgcu.stesting.uiesg.data.SiteEfficiencyDataUnitTest" name="testGetForDomainExistsNoFile" time="0.002" />
  <testcase classname="edu.fgcu.stesting.uiesg.data.UIEfficiencyStatisticsUnitTest" name="testAddType" time="0.007" />
  <testcase classname="edu.fgcu.stesting.uiesg.data.UIEfficiencyStatisticsUnitTest" name="testGetType" time="0.001" />
  <testcase classname="edu.fgcu.stesting.uiesg.data.UIEfficiencyStatisticsUnitTest" name="testCalculateStatistics" time="0.0" />
  <testcase classname="edu.fgcu.stesting.uiesg.data.UIEfficiencyStatisticsUnitTest" name="testAddDuplicateType" time="0.002" />
  <testcase classname="edu.fgcu.stesting.uiesg.data.UIEfficiencyStatisticTypeUnitTest" name="testCalculate[0]" time="0.001" />
  <testcase classname="edu.fgcu.stesting.uiesg.data.UIEfficiencyStatisticTypeUnitTest" name="testGetName[0]" time="0.0" />
  <testcase classname="edu.fgcu.stesting.uiesg.data.UIEfficiencyStatisticTypeUnitTest" name="testRegister[0]" time="0.005" />
  <testcase classname="edu.fgcu.stesting.uiesg.data.UIEfficiencyStatisticTypeUnitTest" name="testGetDescription[0]" time="0.0" />
  <testcase classname="edu.fgcu.stesting.uiesg.data.UIEfficiencyStatisticTypeUnitTest" name="testStream[0]" time="0.001" />
  <testcase classname="edu.fgcu.stesting.uiesg.data.UIEfficiencyStatisticTypeUnitTest" name="testCalculate[1]" time="0.002" />
  <testcase classname="edu.fgcu.stesting.uiesg.data.UIEfficiencyStatisticTypeUnitTest" name="testGetName[1]" time="0.001" />
  <testcase classname="edu.fgcu.stesting.uiesg.data.UIEfficiencyStatisticTypeUnitTest" name="testRegister[1]" time="0.004" />
  <testcase classname="edu.fgcu.stesting.uiesg.data.UIEfficiencyStatisticTypeUnitTest" name="testGetDescription[1]" time="0.0" />
  <testcase classname="edu.fgcu.stesting.uiesg.data.UIEfficiencyStatisticTypeUnitTest" name="testStream[1]" time="0.0" />
  <testcase classname="edu.fgcu.stesting.uiesg.data.GraphOutputDataIntegrationTest" name="testEqualsC" time="0.002" />
  <testcase classname="edu.fgcu.stesting.uiesg.data.GraphOutputDataIntegrationTest" name="testEqualsD" time="0.004">
    <failure message="Expected exception: java.lang.AssertionError" type="junit.framework.AssertionFailedError">junit.framework.AssertionFailedError: Expected exception: java.lang.AssertionError
</failure>
  </testcase>
  <testcase classname="edu.fgcu.stesting.uiesg.data.GraphOutputDataIntegrationTest" name="testEquals" time="0.002" />
  <testcase classname="edu.fgcu.stesting.uiesg.data.GraphOutputDataIntegrationTest" name="testNotEquals" time="0.002" />
  <testcase classname="edu.fgcu.stesting.uiesg.data.GraphOutputDataIntegrationTest" name="testConstructorDefault" time="0.002" />
  <testcase classname="edu.fgcu.stesting.uiesg.data.GraphOutputDataIntegrationTest" name="testGetNodeAsEdge" time="0.001" />
  <testcase classname="edu.fgcu.stesting.uiesg.data.GraphOutputDataIntegrationTest" name="testAddEdge" time="0.001" />
  <testcase classname="edu.fgcu.stesting.uiesg.data.GraphOutputDataIntegrationTest" name="testAddNode" time="0.002" />
  <testcase classname="edu.fgcu.stesting.uiesg.data.GraphOutputDataIntegrationTest" name="testOrder" time="0.001" />
  <testcase classname="edu.fgcu.stesting.uiesg.data.GraphOutputDataIntegrationTest" name="testLock" time="0.001" />
  <testcase classname="edu.fgcu.stesting.uiesg.data.GraphOutputDataIntegrationTest" name="testSize" time="0.002" />
  <testcase classname="edu.fgcu.stesting.uiesg.data.GraphOutputDataIntegrationTest" name="testAddActionLocked" time="0.002" />
  <testcase classname="edu.fgcu.stesting.uiesg.data.GraphOutputDataIntegrationTest" name="testGetEdgeAsNode" time="0.002" />
  <testcase classname="edu.fgcu.stesting.uiesg.data.GraphOutputDataIntegrationTest" name="testGetEdge" time="0.001" />
  <testcase classname="edu.fgcu.stesting.uiesg.data.GraphOutputDataIntegrationTest" name="testGetNode" time="0.001" />
  <testcase classname="edu.fgcu.stesting.uiesg.data.GraphOutputDataIntegrationTest" name="testGetAction" time="0.002" />
  <testcase classname="edu.fgcu.stesting.uiesg.data.GraphOutputDataIntegrationTest" name="testConstructorIterator" time="0.002" />
  <testcase classname="edu.fgcu.stesting.uiesg.data.GraphOutputDataIntegrationTest" name="testIndexOf" time="0.004" />
  <testcase classname="edu.fgcu.stesting.uiesg.data.SiteEfficiencyDataIntegrationTest" name="testCalculateStatisticsLoaded" time="0.002" />
  <testcase classname="edu.fgcu.stesting.uiesg.data.SiteEfficiencyDataIntegrationTest" name="testCompileMouseDataLoaded" time="0.002" />
  <testcase classname="edu.fgcu.stesting.uiesg.data.SiteEfficiencyDataIntegrationTest" name="testNewMouseDataLoaded" time="0.001" />
  <testcase classname="edu.fgcu.stesting.uiesg.data.SiteEfficiencyDataIntegrationTest" name="testGetForDomainExistsWithFile" time="0.001" />
  <testcase classname="edu.fgcu.stesting.uiesg.data.SiteEfficiencyDataIntegrationTest" name="testIsLoadedNotLoaded" time="0.002" />
  <testcase classname="edu.fgcu.stesting.uiesg.data.SiteEfficiencyDataIntegrationTest" name="testGetForDomainNotExists" time="0.001" />
  <testcase classname="edu.fgcu.stesting.uiesg.data.SiteEfficiencyDataIntegrationTest" name="testLoadDataFileNotExists" time="0.001" />
  <testcase classname="edu.fgcu.stesting.uiesg.data.SiteEfficiencyDataIntegrationTest" name="testUnloadDataLoaded" time="0.008">
    <failure message="expected:&lt;1123&gt; but was:&lt;615&gt;" type="junit.framework.AssertionFailedError">junit.framework.AssertionFailedError: expected:&lt;1123&gt; but was:&lt;615&gt;
	at edu.fgcu.stesting.uiesg.data.SiteEfficiencyDataIntegrationTest.testUnloadDataLoaded(Unknown Source)
</failure>
  </testcase>
  <testcase classname="edu.fgcu.stesting.uiesg.data.SiteEfficiencyDataIntegrationTest" name="testIsLoadedLoaded" time="0.003" />
  <testcase classname="edu.fgcu.stesting.uiesg.data.SiteEfficiencyDataIntegrationTest" name="testNewMouseDataNotLoaded" time="0.002" />
  <testcase classname="edu.fgcu.stesting.uiesg.data.SiteEfficiencyDataIntegrationTest" name="testLoadDataFileExists" time="0.008" />
  <testcase classname="edu.fgcu.stesting.uiesg.data.SiteEfficiencyDataIntegrationTest" name="testLoadDataFileLoaded" time="0.001" />
  <testcase classname="edu.fgcu.stesting.uiesg.data.SiteEfficiencyDataIntegrationTest" name="testUnloadDataNotLoaded" time="0.002" />
  <testcase classname="edu.fgcu.stesting.uiesg.data.SiteEfficiencyDataIntegrationTest" name="testCalculateStatisticsNotLoaded" time="0.002" />
  <testcase classname="edu.fgcu.stesting.uiesg.data.SiteEfficiencyDataIntegrationTest" name="testCompileMouseDataNotLoaded" time="0.002" />
  <testcase classname="edu.fgcu.stesting.uiesg.data.SiteEfficiencyDataIntegrationTest" name="testGetForDomainExistsNoFile" time="0.005" />
  <system-out><![CDATA[363
1123
]]></system-out>
  <system-err><![CDATA[edu.fgcu.stesting.uiesg.data.UIEfficiencyStatisticType$DuplicateTypeException: NodesPerMinute
	at edu.fgcu.stesting.uiesg.data.UIEfficiencyStatisticType$UIEfficiencyStatistics.addType(Unknown Source)
	at edu.fgcu.stesting.uiesg.data.UIEfficiencyStatisticType.register(Unknown Source)
	at edu.fgcu.stesting.uiesg.data.UIEfficiencyStatisticTypeUnitTest.testRegister(Unknown Source)
	at sun.reflect.NativeMethodAccessorImpl.invoke0(Native Method)
	at sun.reflect.NativeMethodAccessorImpl.invoke(NativeMethodAccessorImpl.java:62)
	at sun.reflect.DelegatingMethodAccessorImpl.invoke(DelegatingMethodAccessorImpl.java:43)
	at java.lang.reflect.Method.invoke(Method.java:483)
	at org.junit.runners.model.FrameworkMethod$1.runReflectiveCall(FrameworkMethod.java:47)
	at org.junit.internal.runners.model.ReflectiveCallable.run(ReflectiveCallable.java:12)
	at org.junit.runners.model.FrameworkMethod.invokeExplosively(FrameworkMethod.java:44)
	at org.junit.internal.runners.statements.InvokeMethod.evaluate(InvokeMethod.java:17)
	at org.junit.runners.ParentRunner.runLeaf(ParentRunner.java:271)
	at org.junit.runners.BlockJUnit4ClassRunner.runChild(BlockJUnit4ClassRunner.java:70)
	at org.junit.runners.BlockJUnit4ClassRunner.runChild(BlockJUnit4ClassRunner.java:50)
	at org.junit.runners.ParentRunner$3.run(ParentRunner.java:238)
	at org.junit.runners.ParentRunner$1.schedule(ParentRunner.java:63)
	at org.junit.runners.ParentRunner.runChildren(ParentRunner.java:236)
	at org.junit.runners.ParentRunner.access$000(ParentRunner.java:53)
	at org.junit.runners.ParentRunner$2.evaluate(ParentRunner.java:229)
	at org.junit.runners.ParentRunner.run(ParentRunner.java:309)
	at org.junit.runners.Suite.runChild(Suite.java:127)
	at org.junit.runners.Suite.runChild(Suite.java:26)
	at org.junit.runners.ParentRunner$3.run(ParentRunner.java:238)
	at org.junit.runners.ParentRunner$1.schedule(ParentRunner.java:63)
	at org.junit.runners.ParentRunner.runChildren(ParentRunner.java:236)
	at org.junit.runners.ParentRunner.access$000(ParentRunner.java:53)
	at org.junit.runners.ParentRunner$2.evaluate(ParentRunner.java:229)
	at org.junit.runners.ParentRunner.run(ParentRunner.java:309)
	at org.junit.runners.Suite.runChild(Suite.java:127)
	at org.junit.runners.Suite.runChild(Suite.java:26)
	at org.junit.runners.ParentRunner$3.run(ParentRunner.java:238)
	at org.junit.runners.ParentRunner$1.schedule(ParentRunner.java:63)
	at org.junit.runners.ParentRunner.runChildren(ParentRunner.java:236)
	at org.junit.runners.ParentRunner.access$000(ParentRunner.java:53)
	at org.junit.runners.ParentRunner$2.evaluate(ParentRunner.java:229)
	at org.junit.runners.ParentRunner.run(ParentRunner.java:309)
	at junit.framework.JUnit4TestAdapter.run(JUnit4TestAdapter.java:38)
	at org.apache.tools.ant.taskdefs.optional.junit.JUnitTestRunner.run(JUnitTestRunner.java:532)
	at org.apache.tools.ant.taskdefs.optional.junit.JUnitTestRunner.launch(JUnitTestRunner.java:1165)
	at org.apache.tools.ant.taskdefs.optional.junit.JUnitTestRunner.main(JUnitTestRunner.java:1016)
edu.fgcu.stesting.uiesg.data.UIEfficiencyStatisticType$DuplicateTypeException: MouseArea
	at edu.fgcu.stesting.uiesg.data.UIEfficiencyStatisticType$UIEfficiencyStatistics.addType(Unknown Source)
	at edu.fgcu.stesting.uiesg.data.UIEfficiencyStatisticType.register(Unknown Source)
	at edu.fgcu.stesting.uiesg.data.UIEfficiencyStatisticTypeUnitTest.testRegister(Unknown Source)
	at sun.reflect.NativeMethodAccessorImpl.invoke0(Native Method)
	at sun.reflect.NativeMethodAccessorImpl.invoke(NativeMethodAccessorImpl.java:62)
	at sun.reflect.DelegatingMethodAccessorImpl.invoke(DelegatingMethodAccessorImpl.java:43)
	at java.lang.reflect.Method.invoke(Method.java:483)
	at org.junit.runners.model.FrameworkMethod$1.runReflectiveCall(FrameworkMethod.java:47)
	at org.junit.internal.runners.model.ReflectiveCallable.run(ReflectiveCallable.java:12)
	at org.junit.runners.model.FrameworkMethod.invokeExplosively(FrameworkMethod.java:44)
	at org.junit.internal.runners.statements.InvokeMethod.evaluate(InvokeMethod.java:17)
	at org.junit.runners.ParentRunner.runLeaf(ParentRunner.java:271)
	at org.junit.runners.BlockJUnit4ClassRunner.runChild(BlockJUnit4ClassRunner.java:70)
	at org.junit.runners.BlockJUnit4ClassRunner.runChild(BlockJUnit4ClassRunner.java:50)
	at org.junit.runners.ParentRunner$3.run(ParentRunner.java:238)
	at org.junit.runners.ParentRunner$1.schedule(ParentRunner.java:63)
	at org.junit.runners.ParentRunner.runChildren(ParentRunner.java:236)
	at org.junit.runners.ParentRunner.access$000(ParentRunner.java:53)
	at org.junit.runners.ParentRunner$2.evaluate(ParentRunner.java:229)
	at org.junit.runners.ParentRunner.run(ParentRunner.java:309)
	at org.junit.runners.Suite.runChild(Suite.java:127)
	at org.junit.runners.Suite.runChild(Suite.java:26)
	at org.junit.runners.ParentRunner$3.run(ParentRunner.java:238)
	at org.junit.runners.ParentRunner$1.schedule(ParentRunner.java:63)
	at org.junit.runners.ParentRunner.runChildren(ParentRunner.java:236)
	at org.junit.runners.ParentRunner.access$000(ParentRunner.java:53)
	at org.junit.runners.ParentRunner$2.evaluate(ParentRunner.java:229)
	at org.junit.runners.ParentRunner.run(ParentRunner.java:309)
	at org.junit.runners.Suite.runChild(Suite.java:127)
	at org.junit.runners.Suite.runChild(Suite.java:26)
	at org.junit.runners.ParentRunner$3.run(ParentRunner.java:238)
	at org.junit.runners.ParentRunner$1.schedule(ParentRunner.java:63)
	at org.junit.runners.ParentRunner.runChildren(ParentRunner.java:236)
	at org.junit.runners.ParentRunner.access$000(ParentRunner.java:53)
	at org.junit.runners.ParentRunner$2.evaluate(ParentRunner.java:229)
	at org.junit.runners.ParentRunner.run(ParentRunner.java:309)
	at junit.framework.JUnit4TestAdapter.run(JUnit4TestAdapter.java:38)
	at org.apache.tools.ant.taskdefs.optional.junit.JUnitTestRunner.run(JUnitTestRunner.java:532)
	at org.apache.tools.ant.taskdefs.optional.junit.JUnitTestRunner.launch(JUnitTestRunner.java:1165)
	at org.apache.tools.ant.taskdefs.optional.junit.JUnitTestRunner.main(JUnitTestRunner.java:1016)
edu.fgcu.stesting.uiesg.data.UIEfficiencyStatisticType$DuplicateTypeException: NodesPerMinute
	at edu.fgcu.stesting.uiesg.data.UIEfficiencyStatisticType$UIEfficiencyStatistics.addType(Unknown Source)
	at edu.fgcu.stesting.uiesg.data.UIEfficiencyStatisticType.register(Unknown Source)
	at edu.fgcu.stesting.uiesg.data.SiteEfficiencyDataIntegrationTest.setup(Unknown Source)
	at sun.reflect.NativeMethodAccessorImpl.invoke0(Native Method)
	at sun.reflect.NativeMethodAccessorImpl.invoke(NativeMethodAccessorImpl.java:62)
	at sun.reflect.DelegatingMethodAccessorImpl.invoke(DelegatingMethodAccessorImpl.java:43)
	at java.lang.reflect.Method.invoke(Method.java:483)
	at org.junit.runners.model.FrameworkMethod$1.runReflectiveCall(FrameworkMethod.java:47)
	at org.junit.internal.runners.model.ReflectiveCallable.run(ReflectiveCallable.java:12)
	at org.junit.runners.model.FrameworkMethod.invokeExplosively(FrameworkMethod.java:44)
	at org.junit.internal.runners.statements.RunBefores.evaluate(RunBefores.java:24)
	at org.junit.internal.runners.statements.RunAfters.evaluate(RunAfters.java:27)
	at org.junit.runners.ParentRunner.run(ParentRunner.java:309)
	at org.junit.runners.Suite.runChild(Suite.java:127)
	at org.junit.runners.Suite.runChild(Suite.java:26)
	at org.junit.runners.ParentRunner$3.run(ParentRunner.java:238)
	at org.junit.runners.ParentRunner$1.schedule(ParentRunner.java:63)
	at org.junit.runners.ParentRunner.runChildren(ParentRunner.java:236)
	at org.junit.runners.ParentRunner.access$000(ParentRunner.java:53)
	at org.junit.runners.ParentRunner$2.evaluate(ParentRunner.java:229)
	at org.junit.runners.ParentRunner.run(ParentRunner.java:309)
	at junit.framework.JUnit4TestAdapter.run(JUnit4TestAdapter.java:38)
	at org.apache.tools.ant.taskdefs.optional.junit.JUnitTestRunner.run(JUnitTestRunner.java:532)
	at org.apache.tools.ant.taskdefs.optional.junit.JUnitTestRunner.launch(JUnitTestRunner.java:1165)
	at org.apache.tools.ant.taskdefs.optional.junit.JUnitTestRunner.main(JUnitTestRunner.java:1016)
edu.fgcu.stesting.uiesg.data.UIEfficiencyStatisticType$DuplicateTypeException: MouseArea
	at edu.fgcu.stesting.uiesg.data.UIEfficiencyStatisticType$UIEfficiencyStatistics.addType(Unknown Source)
	at edu.fgcu.stesting.uiesg.data.UIEfficiencyStatisticType.register(Unknown Source)
	at edu.fgcu.stesting.uiesg.data.SiteEfficiencyDataIntegrationTest.setup(Unknown Source)
	at sun.reflect.NativeMethodAccessorImpl.invoke0(Native Method)
	at sun.reflect.NativeMethodAccessorImpl.invoke(NativeMethodAccessorImpl.java:62)
	at sun.reflect.DelegatingMethodAccessorImpl.invoke(DelegatingMethodAccessorImpl.java:43)
	at java.lang.reflect.Method.invoke(Method.java:483)
	at org.junit.runners.model.FrameworkMethod$1.runReflectiveCall(FrameworkMethod.java:47)
	at org.junit.internal.runners.model.ReflectiveCallable.run(ReflectiveCallable.java:12)
	at org.junit.runners.model.FrameworkMethod.invokeExplosively(FrameworkMethod.java:44)
	at org.junit.internal.runners.statements.RunBefores.evaluate(RunBefores.java:24)
	at org.junit.internal.runners.statements.RunAfters.evaluate(RunAfters.java:27)
	at org.junit.runners.ParentRunner.run(ParentRunner.java:309)
	at org.junit.runners.Suite.runChild(Suite.java:127)
	at org.junit.runners.Suite.runChild(Suite.java:26)
	at org.junit.runners.ParentRunner$3.run(ParentRunner.java:238)
	at org.junit.runners.ParentRunner$1.schedule(ParentRunner.java:63)
	at org.junit.runners.ParentRunner.runChildren(ParentRunner.java:236)
	at org.junit.runners.ParentRunner.access$000(ParentRunner.java:53)
	at org.junit.runners.ParentRunner$2.evaluate(ParentRunner.java:229)
	at org.junit.runners.ParentRunner.run(ParentRunner.java:309)
	at junit.framework.JUnit4TestAdapter.run(JUnit4TestAdapter.java:38)
	at org.apache.tools.ant.taskdefs.optional.junit.JUnitTestRunner.run(JUnitTestRunner.java:532)
	at org.apache.tools.ant.taskdefs.optional.junit.JUnitTestRunner.launch(JUnitTestRunner.java:1165)
	at org.apache.tools.ant.taskdefs.optional.junit.JUnitTestRunner.main(JUnitTestRunner.java:1016)
]]></system-err>
</testsuite>
