<?xml version="1.0" encoding="UTF-8" ?>
<testsuite errors="1" failures="0" hostname="oalpha-HP-2000-Notebook-PC" name="edu.fgcu.stesting.uiesg.IntegrationTest" skipped="0" tests="1" time="0.0" timestamp="2015-04-21T04:59:10">
  <properties>
[...]
</properties>
  <testcase classname="edu.fgcu.stesting.uiesg.IntegrationTest" name="BeforeFirstTest" time="0.001">
    <error message="Forked Java VM exited abnormally. Please note the time in the report does not reflect the time until the VM exit." type="junit.framework.AssertionFailedError">junit.framework.AssertionFailedError: Forked Java VM exited abnormally. Please note the time in the report does not reflect the time until the VM exit.
	at org.jacoco.ant.CoverageTask.execute(CoverageTask.java:102)
</error>
  </testcase>
</testsuite>
