Testsuite: edu.fgcu.stesting.uiesg.data.UIEfficiencyStatisticTypeUnitTest
Tests run: 6, Failures: 0, Errors: 6, Skipped: 0, Time elapsed: 0.758 sec

Testcase: testCalculate took 0.052 sec
	Caused an ERROR
method not implemented
java.lang.RuntimeException: method not implemented
	at edu.fgcu.stesting.uiesg.data.UIEfficiencyStatisticTypeUnitTest.testCalculate(Unknown Source)

Testcase: testGetName took 0.003 sec
	Caused an ERROR
method not implemented
java.lang.RuntimeException: method not implemented
	at edu.fgcu.stesting.uiesg.data.UIEfficiencyStatisticTypeUnitTest.testGetName(Unknown Source)

Testcase: testGetValueType took 0.023 sec
	Caused an ERROR
method not implemented
java.lang.RuntimeException: method not implemented
	at edu.fgcu.stesting.uiesg.data.UIEfficiencyStatisticTypeUnitTest.testGetValueType(Unknown Source)

Testcase: testGetDescription took 0.009 sec
	Caused an ERROR
method not implemented
java.lang.RuntimeException: method not implemented
	at edu.fgcu.stesting.uiesg.data.UIEfficiencyStatisticTypeUnitTest.testGetDescription(Unknown Source)

Testcase: testGetForDomain took 0.008 sec
	Caused an ERROR
method not implemented
java.lang.RuntimeException: method not implemented
	at edu.fgcu.stesting.uiesg.data.UIEfficiencyStatisticTypeUnitTest.testGetForDomain(Unknown Source)

Testcase: testConstructor took 0.003 sec
	Caused an ERROR
constructor not implemented
java.lang.RuntimeException: constructor not implemented
	at edu.fgcu.stesting.uiesg.data.UIEfficiencyStatisticTypeUnitTest.testConstructor(Unknown Source)

