<?xml version="1.0" encoding="UTF-8" ?>
<testsuite errors="3" failures="0" hostname="oalpha-HP-2000-Notebook-PC" name="edu.fgcu.stesting.uiesg.data.GraphOutputDataUnitTest" skipped="0" tests="3" time="0.723" timestamp="2015-03-26T19:06:26">
  <properties>
[...]
</properties>
  <testcase classname="edu.fgcu.stesting.uiesg.data.GraphOutputDataUnitTest" name="testOrder" time="0.101">
    <error message="test not implemented" type="java.lang.RuntimeException">java.lang.RuntimeException: test not implemented
	at edu.fgcu.stesting.uiesg.data.GraphOutputDataUnitTest.testOrder(Unknown Source)
</error>
  </testcase>
  <testcase classname="edu.fgcu.stesting.uiesg.data.GraphOutputDataUnitTest" name="testSize" time="0.02">
    <error message="test not implemented" type="java.lang.RuntimeException">java.lang.RuntimeException: test not implemented
	at edu.fgcu.stesting.uiesg.data.GraphOutputDataUnitTest.testSize(Unknown Source)
</error>
  </testcase>
  <testcase classname="edu.fgcu.stesting.uiesg.data.GraphOutputDataUnitTest" name="testConstructor" time="0.009">
    <error message="test not implemented" type="java.lang.RuntimeException">java.lang.RuntimeException: test not implemented
	at edu.fgcu.stesting.uiesg.data.GraphOutputDataUnitTest.testConstructor(Unknown Source)
</error>
  </testcase>
  <system-out><![CDATA[]]></system-out>
  <system-err><![CDATA[]]></system-err>
</testsuite>
