<?xml version="1.0" encoding="UTF-8" ?>
<testsuite errors="16" failures="0" hostname="oalpha-HP-2000-Notebook-PC" name="edu.fgcu.stesting.uiesg.UnitTest" skipped="0" tests="36" time="1.334" timestamp="2015-04-21T04:59:02">
  <properties>
[...]
</properties>
  <testcase classname="edu.fgcu.stesting.uiesg.data.GraphOutputDataUnitTest" name="testConstructorDefault" time="0.045" />
  <testcase classname="edu.fgcu.stesting.uiesg.data.GraphOutputDataUnitTest" name="testGetNodeAsEdge" time="0.002" />
  <testcase classname="edu.fgcu.stesting.uiesg.data.GraphOutputDataUnitTest" name="testAddEdge" time="0.002" />
  <testcase classname="edu.fgcu.stesting.uiesg.data.GraphOutputDataUnitTest" name="testAddNode" time="0.001" />
  <testcase classname="edu.fgcu.stesting.uiesg.data.GraphOutputDataUnitTest" name="testOrder" time="0.001" />
  <testcase classname="edu.fgcu.stesting.uiesg.data.GraphOutputDataUnitTest" name="testLock" time="0.002" />
  <testcase classname="edu.fgcu.stesting.uiesg.data.GraphOutputDataUnitTest" name="testSize" time="0.001" />
  <testcase classname="edu.fgcu.stesting.uiesg.data.GraphOutputDataUnitTest" name="testAddActionLocked" time="0.004" />
  <testcase classname="edu.fgcu.stesting.uiesg.data.GraphOutputDataUnitTest" name="testGetEdgeAsNode" time="0.004" />
  <testcase classname="edu.fgcu.stesting.uiesg.data.GraphOutputDataUnitTest" name="testGetEdge" time="0.002" />
  <testcase classname="edu.fgcu.stesting.uiesg.data.GraphOutputDataUnitTest" name="testGetNode" time="0.001" />
  <testcase classname="edu.fgcu.stesting.uiesg.data.GraphOutputDataUnitTest" name="testGetAction" time="0.001" />
  <testcase classname="edu.fgcu.stesting.uiesg.data.GraphOutputDataUnitTest" name="testConstructorIterator" time="0.003" />
  <testcase classname="edu.fgcu.stesting.uiesg.data.GraphOutputDataUnitTest" name="testIndexOf" time="0.001" />
  <testcase classname="edu.fgcu.stesting.uiesg.data.MouseActionInputDataUnitTest" name="testGetRange" time="0.01" />
  <testcase classname="edu.fgcu.stesting.uiesg.data.MouseActionInputDataUnitTest" name="TestAddPointFault" time="0.001" />
  <testcase classname="edu.fgcu.stesting.uiesg.data.MouseActionInputDataUnitTest" name="testSize" time="0.001" />
  <testcase classname="edu.fgcu.stesting.uiesg.data.MouseActionInputDataUnitTest" name="testAddPointFault" time="0.001" />
  <testcase classname="edu.fgcu.stesting.uiesg.data.MouseActionInputDataUnitTest" name="testAddPoint" time="0.001" />
  <testcase classname="edu.fgcu.stesting.uiesg.data.MouseActionInputDataUnitTest" name="testTimeStamp" time="0.0" />
  <testcase classname="edu.fgcu.stesting.uiesg.data.SiteEfficiencyDataUnitTest" name="testCalculateStatisticsLoaded" time="0.127">
    <error message="src/test/java/edu/fgcu/stesting/uiesg/data/datafiles/wikipedia.org.sed" type="java.nio.file.NoSuchFileException">java.nio.file.NoSuchFileException: src/test/java/edu/fgcu/stesting/uiesg/data/datafiles/wikipedia.org.sed
	at sun.nio.fs.UnixException.translateToIOException(UnixException.java:86)
	at sun.nio.fs.UnixException.rethrowAsIOException(UnixException.java:102)
	at sun.nio.fs.UnixException.rethrowAsIOException(UnixException.java:107)
	at sun.nio.fs.UnixCopyFile.copy(UnixCopyFile.java:526)
	at sun.nio.fs.UnixFileSystemProvider.copy(UnixFileSystemProvider.java:253)
	at java.nio.file.Files.copy(Files.java:1274)
	at edu.fgcu.stesting.uiesg.data.SiteEfficiencyDataUnitTest.before(SiteEfficiencyDataUnitTest.java:158)
</error>
  </testcase>
  <testcase classname="edu.fgcu.stesting.uiesg.data.SiteEfficiencyDataUnitTest" name="testCompileMouseDataLoaded" time="0.012">
    <error message="src/test/java/edu/fgcu/stesting/uiesg/data/datafiles/wikipedia.org.sed" type="java.nio.file.NoSuchFileException">java.nio.file.NoSuchFileException: src/test/java/edu/fgcu/stesting/uiesg/data/datafiles/wikipedia.org.sed
	at sun.nio.fs.UnixException.translateToIOException(UnixException.java:86)
	at sun.nio.fs.UnixException.rethrowAsIOException(UnixException.java:102)
	at sun.nio.fs.UnixException.rethrowAsIOException(UnixException.java:107)
	at sun.nio.fs.UnixCopyFile.copy(UnixCopyFile.java:526)
	at sun.nio.fs.UnixFileSystemProvider.copy(UnixFileSystemProvider.java:253)
	at java.nio.file.Files.copy(Files.java:1274)
	at edu.fgcu.stesting.uiesg.data.SiteEfficiencyDataUnitTest.before(SiteEfficiencyDataUnitTest.java:158)
</error>
  </testcase>
  <testcase classname="edu.fgcu.stesting.uiesg.data.SiteEfficiencyDataUnitTest" name="testNewMouseDataLoaded" time="0.011">
    <error message="src/test/java/edu/fgcu/stesting/uiesg/data/datafiles/wikipedia.org.sed" type="java.nio.file.NoSuchFileException">java.nio.file.NoSuchFileException: src/test/java/edu/fgcu/stesting/uiesg/data/datafiles/wikipedia.org.sed
	at sun.nio.fs.UnixException.translateToIOException(UnixException.java:86)
	at sun.nio.fs.UnixException.rethrowAsIOException(UnixException.java:102)
	at sun.nio.fs.UnixException.rethrowAsIOException(UnixException.java:107)
	at sun.nio.fs.UnixCopyFile.copy(UnixCopyFile.java:526)
	at sun.nio.fs.UnixFileSystemProvider.copy(UnixFileSystemProvider.java:253)
	at java.nio.file.Files.copy(Files.java:1274)
	at edu.fgcu.stesting.uiesg.data.SiteEfficiencyDataUnitTest.before(SiteEfficiencyDataUnitTest.java:158)
</error>
  </testcase>
  <testcase classname="edu.fgcu.stesting.uiesg.data.SiteEfficiencyDataUnitTest" name="testGetForDomainExistsWithFile" time="0.011">
    <error message="src/test/java/edu/fgcu/stesting/uiesg/data/datafiles/wikipedia.org.sed" type="java.nio.file.NoSuchFileException">java.nio.file.NoSuchFileException: src/test/java/edu/fgcu/stesting/uiesg/data/datafiles/wikipedia.org.sed
	at sun.nio.fs.UnixException.translateToIOException(UnixException.java:86)
	at sun.nio.fs.UnixException.rethrowAsIOException(UnixException.java:102)
	at sun.nio.fs.UnixException.rethrowAsIOException(UnixException.java:107)
	at sun.nio.fs.UnixCopyFile.copy(UnixCopyFile.java:526)
	at sun.nio.fs.UnixFileSystemProvider.copy(UnixFileSystemProvider.java:253)
	at java.nio.file.Files.copy(Files.java:1274)
	at edu.fgcu.stesting.uiesg.data.SiteEfficiencyDataUnitTest.before(SiteEfficiencyDataUnitTest.java:158)
</error>
  </testcase>
  <testcase classname="edu.fgcu.stesting.uiesg.data.SiteEfficiencyDataUnitTest" name="testIsLoadedNotLoaded" time="0.03">
    <error message="src/test/java/edu/fgcu/stesting/uiesg/data/datafiles/wikipedia.org.sed" type="java.nio.file.NoSuchFileException">java.nio.file.NoSuchFileException: src/test/java/edu/fgcu/stesting/uiesg/data/datafiles/wikipedia.org.sed
	at sun.nio.fs.UnixException.translateToIOException(UnixException.java:86)
	at sun.nio.fs.UnixException.rethrowAsIOException(UnixException.java:102)
	at sun.nio.fs.UnixException.rethrowAsIOException(UnixException.java:107)
	at sun.nio.fs.UnixCopyFile.copy(UnixCopyFile.java:526)
	at sun.nio.fs.UnixFileSystemProvider.copy(UnixFileSystemProvider.java:253)
	at java.nio.file.Files.copy(Files.java:1274)
	at edu.fgcu.stesting.uiesg.data.SiteEfficiencyDataUnitTest.before(SiteEfficiencyDataUnitTest.java:158)
</error>
  </testcase>
  <testcase classname="edu.fgcu.stesting.uiesg.data.SiteEfficiencyDataUnitTest" name="testGetForDomainNotExists" time="0.006">
    <error message="src/test/java/edu/fgcu/stesting/uiesg/data/datafiles/wikipedia.org.sed" type="java.nio.file.NoSuchFileException">java.nio.file.NoSuchFileException: src/test/java/edu/fgcu/stesting/uiesg/data/datafiles/wikipedia.org.sed
	at sun.nio.fs.UnixException.translateToIOException(UnixException.java:86)
	at sun.nio.fs.UnixException.rethrowAsIOException(UnixException.java:102)
	at sun.nio.fs.UnixException.rethrowAsIOException(UnixException.java:107)
	at sun.nio.fs.UnixCopyFile.copy(UnixCopyFile.java:526)
	at sun.nio.fs.UnixFileSystemProvider.copy(UnixFileSystemProvider.java:253)
	at java.nio.file.Files.copy(Files.java:1274)
	at edu.fgcu.stesting.uiesg.data.SiteEfficiencyDataUnitTest.before(SiteEfficiencyDataUnitTest.java:158)
</error>
  </testcase>
  <testcase classname="edu.fgcu.stesting.uiesg.data.SiteEfficiencyDataUnitTest" name="testLoadDataFileNotExists" time="0.005">
    <error message="src/test/java/edu/fgcu/stesting/uiesg/data/datafiles/wikipedia.org.sed" type="java.nio.file.NoSuchFileException">java.nio.file.NoSuchFileException: src/test/java/edu/fgcu/stesting/uiesg/data/datafiles/wikipedia.org.sed
	at sun.nio.fs.UnixException.translateToIOException(UnixException.java:86)
	at sun.nio.fs.UnixException.rethrowAsIOException(UnixException.java:102)
	at sun.nio.fs.UnixException.rethrowAsIOException(UnixException.java:107)
	at sun.nio.fs.UnixCopyFile.copy(UnixCopyFile.java:526)
	at sun.nio.fs.UnixFileSystemProvider.copy(UnixFileSystemProvider.java:253)
	at java.nio.file.Files.copy(Files.java:1274)
	at edu.fgcu.stesting.uiesg.data.SiteEfficiencyDataUnitTest.before(SiteEfficiencyDataUnitTest.java:158)
</error>
  </testcase>
  <testcase classname="edu.fgcu.stesting.uiesg.data.SiteEfficiencyDataUnitTest" name="testUnloadDataLoaded" time="0.004">
    <error message="src/test/java/edu/fgcu/stesting/uiesg/data/datafiles/wikipedia.org.sed" type="java.nio.file.NoSuchFileException">java.nio.file.NoSuchFileException: src/test/java/edu/fgcu/stesting/uiesg/data/datafiles/wikipedia.org.sed
	at sun.nio.fs.UnixException.translateToIOException(UnixException.java:86)
	at sun.nio.fs.UnixException.rethrowAsIOException(UnixException.java:102)
	at sun.nio.fs.UnixException.rethrowAsIOException(UnixException.java:107)
	at sun.nio.fs.UnixCopyFile.copy(UnixCopyFile.java:526)
	at sun.nio.fs.UnixFileSystemProvider.copy(UnixFileSystemProvider.java:253)
	at java.nio.file.Files.copy(Files.java:1274)
	at edu.fgcu.stesting.uiesg.data.SiteEfficiencyDataUnitTest.before(SiteEfficiencyDataUnitTest.java:158)
</error>
  </testcase>
  <testcase classname="edu.fgcu.stesting.uiesg.data.SiteEfficiencyDataUnitTest" name="testIsLoadedLoaded" time="0.016">
    <error message="src/test/java/edu/fgcu/stesting/uiesg/data/datafiles/wikipedia.org.sed" type="java.nio.file.NoSuchFileException">java.nio.file.NoSuchFileException: src/test/java/edu/fgcu/stesting/uiesg/data/datafiles/wikipedia.org.sed
	at sun.nio.fs.UnixException.translateToIOException(UnixException.java:86)
	at sun.nio.fs.UnixException.rethrowAsIOException(UnixException.java:102)
	at sun.nio.fs.UnixException.rethrowAsIOException(UnixException.java:107)
	at sun.nio.fs.UnixCopyFile.copy(UnixCopyFile.java:526)
	at sun.nio.fs.UnixFileSystemProvider.copy(UnixFileSystemProvider.java:253)
	at java.nio.file.Files.copy(Files.java:1274)
	at edu.fgcu.stesting.uiesg.data.SiteEfficiencyDataUnitTest.before(SiteEfficiencyDataUnitTest.java:158)
</error>
  </testcase>
  <testcase classname="edu.fgcu.stesting.uiesg.data.SiteEfficiencyDataUnitTest" name="testNewMouseDataNotLoaded" time="0.004">
    <error message="src/test/java/edu/fgcu/stesting/uiesg/data/datafiles/wikipedia.org.sed" type="java.nio.file.NoSuchFileException">java.nio.file.NoSuchFileException: src/test/java/edu/fgcu/stesting/uiesg/data/datafiles/wikipedia.org.sed
	at sun.nio.fs.UnixException.translateToIOException(UnixException.java:86)
	at sun.nio.fs.UnixException.rethrowAsIOException(UnixException.java:102)
	at sun.nio.fs.UnixException.rethrowAsIOException(UnixException.java:107)
	at sun.nio.fs.UnixCopyFile.copy(UnixCopyFile.java:526)
	at sun.nio.fs.UnixFileSystemProvider.copy(UnixFileSystemProvider.java:253)
	at java.nio.file.Files.copy(Files.java:1274)
	at edu.fgcu.stesting.uiesg.data.SiteEfficiencyDataUnitTest.before(SiteEfficiencyDataUnitTest.java:158)
</error>
  </testcase>
  <testcase classname="edu.fgcu.stesting.uiesg.data.SiteEfficiencyDataUnitTest" name="testLoadDataFileExists" time="0.004">
    <error message="src/test/java/edu/fgcu/stesting/uiesg/data/datafiles/wikipedia.org.sed" type="java.nio.file.NoSuchFileException">java.nio.file.NoSuchFileException: src/test/java/edu/fgcu/stesting/uiesg/data/datafiles/wikipedia.org.sed
	at sun.nio.fs.UnixException.translateToIOException(UnixException.java:86)
	at sun.nio.fs.UnixException.rethrowAsIOException(UnixException.java:102)
	at sun.nio.fs.UnixException.rethrowAsIOException(UnixException.java:107)
	at sun.nio.fs.UnixCopyFile.copy(UnixCopyFile.java:526)
	at sun.nio.fs.UnixFileSystemProvider.copy(UnixFileSystemProvider.java:253)
	at java.nio.file.Files.copy(Files.java:1274)
	at edu.fgcu.stesting.uiesg.data.SiteEfficiencyDataUnitTest.before(SiteEfficiencyDataUnitTest.java:158)
</error>
  </testcase>
  <testcase classname="edu.fgcu.stesting.uiesg.data.SiteEfficiencyDataUnitTest" name="testLoadDataFileLoaded" time="0.004">
    <error message="src/test/java/edu/fgcu/stesting/uiesg/data/datafiles/wikipedia.org.sed" type="java.nio.file.NoSuchFileException">java.nio.file.NoSuchFileException: src/test/java/edu/fgcu/stesting/uiesg/data/datafiles/wikipedia.org.sed
	at sun.nio.fs.UnixException.translateToIOException(UnixException.java:86)
	at sun.nio.fs.UnixException.rethrowAsIOException(UnixException.java:102)
	at sun.nio.fs.UnixException.rethrowAsIOException(UnixException.java:107)
	at sun.nio.fs.UnixCopyFile.copy(UnixCopyFile.java:526)
	at sun.nio.fs.UnixFileSystemProvider.copy(UnixFileSystemProvider.java:253)
	at java.nio.file.Files.copy(Files.java:1274)
	at edu.fgcu.stesting.uiesg.data.SiteEfficiencyDataUnitTest.before(SiteEfficiencyDataUnitTest.java:158)
</error>
  </testcase>
  <testcase classname="edu.fgcu.stesting.uiesg.data.SiteEfficiencyDataUnitTest" name="testUnloadDataNotLoaded" time="0.004">
    <error message="src/test/java/edu/fgcu/stesting/uiesg/data/datafiles/wikipedia.org.sed" type="java.nio.file.NoSuchFileException">java.nio.file.NoSuchFileException: src/test/java/edu/fgcu/stesting/uiesg/data/datafiles/wikipedia.org.sed
	at sun.nio.fs.UnixException.translateToIOException(UnixException.java:86)
	at sun.nio.fs.UnixException.rethrowAsIOException(UnixException.java:102)
	at sun.nio.fs.UnixException.rethrowAsIOException(UnixException.java:107)
	at sun.nio.fs.UnixCopyFile.copy(UnixCopyFile.java:526)
	at sun.nio.fs.UnixFileSystemProvider.copy(UnixFileSystemProvider.java:253)
	at java.nio.file.Files.copy(Files.java:1274)
	at edu.fgcu.stesting.uiesg.data.SiteEfficiencyDataUnitTest.before(SiteEfficiencyDataUnitTest.java:158)
</error>
  </testcase>
  <testcase classname="edu.fgcu.stesting.uiesg.data.SiteEfficiencyDataUnitTest" name="testCalculateStatisticsNotLoaded" time="0.004">
    <error message="src/test/java/edu/fgcu/stesting/uiesg/data/datafiles/wikipedia.org.sed" type="java.nio.file.NoSuchFileException">java.nio.file.NoSuchFileException: src/test/java/edu/fgcu/stesting/uiesg/data/datafiles/wikipedia.org.sed
	at sun.nio.fs.UnixException.translateToIOException(UnixException.java:86)
	at sun.nio.fs.UnixException.rethrowAsIOException(UnixException.java:102)
	at sun.nio.fs.UnixException.rethrowAsIOException(UnixException.java:107)
	at sun.nio.fs.UnixCopyFile.copy(UnixCopyFile.java:526)
	at sun.nio.fs.UnixFileSystemProvider.copy(UnixFileSystemProvider.java:253)
	at java.nio.file.Files.copy(Files.java:1274)
	at edu.fgcu.stesting.uiesg.data.SiteEfficiencyDataUnitTest.before(SiteEfficiencyDataUnitTest.java:158)
</error>
  </testcase>
  <testcase classname="edu.fgcu.stesting.uiesg.data.SiteEfficiencyDataUnitTest" name="testCompileMouseDataNotLoaded" time="0.004">
    <error message="src/test/java/edu/fgcu/stesting/uiesg/data/datafiles/wikipedia.org.sed" type="java.nio.file.NoSuchFileException">java.nio.file.NoSuchFileException: src/test/java/edu/fgcu/stesting/uiesg/data/datafiles/wikipedia.org.sed
	at sun.nio.fs.UnixException.translateToIOException(UnixException.java:86)
	at sun.nio.fs.UnixException.rethrowAsIOException(UnixException.java:102)
	at sun.nio.fs.UnixException.rethrowAsIOException(UnixException.java:107)
	at sun.nio.fs.UnixCopyFile.copy(UnixCopyFile.java:526)
	at sun.nio.fs.UnixFileSystemProvider.copy(UnixFileSystemProvider.java:253)
	at java.nio.file.Files.copy(Files.java:1274)
	at edu.fgcu.stesting.uiesg.data.SiteEfficiencyDataUnitTest.before(SiteEfficiencyDataUnitTest.java:158)
</error>
  </testcase>
  <testcase classname="edu.fgcu.stesting.uiesg.data.SiteEfficiencyDataUnitTest" name="testGetForDomainExistsNoFile" time="0.008">
    <error message="src/test/java/edu/fgcu/stesting/uiesg/data/datafiles/wikipedia.org.sed" type="java.nio.file.NoSuchFileException">java.nio.file.NoSuchFileException: src/test/java/edu/fgcu/stesting/uiesg/data/datafiles/wikipedia.org.sed
	at sun.nio.fs.UnixException.translateToIOException(UnixException.java:86)
	at sun.nio.fs.UnixException.rethrowAsIOException(UnixException.java:102)
	at sun.nio.fs.UnixException.rethrowAsIOException(UnixException.java:107)
	at sun.nio.fs.UnixCopyFile.copy(UnixCopyFile.java:526)
	at sun.nio.fs.UnixFileSystemProvider.copy(UnixFileSystemProvider.java:253)
	at java.nio.file.Files.copy(Files.java:1274)
	at edu.fgcu.stesting.uiesg.data.SiteEfficiencyDataUnitTest.before(SiteEfficiencyDataUnitTest.java:158)
</error>
  </testcase>
  <system-out><![CDATA[0
]]></system-out>
  <system-err><![CDATA[java.io.FileNotFoundException: src/test/java/edu/fgcu/stesting/uiesg/data/datafiles/wikipedia.org.sed (No such file or directory)
	at java.io.FileOutputStream.open(Native Method)
	at java.io.FileOutputStream.<init>(FileOutputStream.java:213)
	at java.io.FileOutputStream.<init>(FileOutputStream.java:162)
	at edu.fgcu.stesting.uiesg.data.SiteEfficiencyDataUnitTest.setup(SiteEfficiencyDataUnitTest.java:93)
	at sun.reflect.NativeMethodAccessorImpl.invoke0(Native Method)
	at sun.reflect.NativeMethodAccessorImpl.invoke(NativeMethodAccessorImpl.java:62)
	at sun.reflect.DelegatingMethodAccessorImpl.invoke(DelegatingMethodAccessorImpl.java:43)
	at java.lang.reflect.Method.invoke(Method.java:483)
	at org.junit.runners.model.FrameworkMethod$1.runReflectiveCall(FrameworkMethod.java:47)
	at org.junit.internal.runners.model.ReflectiveCallable.run(ReflectiveCallable.java:12)
	at org.junit.runners.model.FrameworkMethod.invokeExplosively(FrameworkMethod.java:44)
	at org.junit.internal.runners.statements.RunBefores.evaluate(RunBefores.java:24)
	at org.junit.internal.runners.statements.RunAfters.evaluate(RunAfters.java:27)
	at org.junit.runners.ParentRunner.run(ParentRunner.java:309)
	at org.junit.runners.Suite.runChild(Suite.java:127)
	at org.junit.runners.Suite.runChild(Suite.java:26)
	at org.junit.runners.ParentRunner$3.run(ParentRunner.java:238)
	at org.junit.runners.ParentRunner$1.schedule(ParentRunner.java:63)
	at org.junit.runners.ParentRunner.runChildren(ParentRunner.java:236)
	at org.junit.runners.ParentRunner.access$000(ParentRunner.java:53)
	at org.junit.runners.ParentRunner$2.evaluate(ParentRunner.java:229)
	at org.junit.runners.ParentRunner.run(ParentRunner.java:309)
	at junit.framework.JUnit4TestAdapter.run(JUnit4TestAdapter.java:38)
	at org.apache.tools.ant.taskdefs.optional.junit.JUnitTestRunner.run(JUnitTestRunner.java:532)
	at org.apache.tools.ant.taskdefs.optional.junit.JUnitTestRunner.launch(JUnitTestRunner.java:1165)
	at org.apache.tools.ant.taskdefs.optional.junit.JUnitTestRunner.main(JUnitTestRunner.java:1016)
]]></system-err>
</testsuite>
