<?xml version="1.0" encoding="UTF-8" ?>
<testsuite errors="13" failures="5" hostname="oalpha-HP-2000-Notebook-PC" name="edu.fgcu.stesting.uiesg.UnitTest" skipped="0" tests="35" time="1.298" timestamp="2015-04-09T14:28:15">
  <properties>
    <property name="java.vendor" value="Oracle Corporation" />
    <property name="ant.file.UI Efficiency Statistics Generator" value="/mnt/Work-School-All/000/Workspace/Software-Testing/UIESG/build.xml" />
    <property name="sun.java.launcher" value="SUN_STANDARD" />
    <property name="eclipse.pdebuild.templates" value="/usr/lib/eclipse/luna/eclipse/../../../../../home/oalpha/.eclipse/org.eclipse.platform_4.4.1_22880240_linux_gtk_x86_64/plugins/org.eclipse.pde.build_3.9.0.v20140415-2029/templates//" />
    <property name="sun.management.compiler" value="HotSpot 64-Bit Tiered Compilers" />
    <property name="os.name" value="Linux" />
    <property name="sun.boot.class.path" value="/usr/lib/jvm/java-8-oracle/jre/lib/resources.jar:/usr/lib/jvm/java-8-oracle/jre/lib/rt.jar:/usr/lib/jvm/java-8-oracle/jre/lib/sunrsasign.jar:/usr/lib/jvm/java-8-oracle/jre/lib/jsse.jar:/usr/lib/jvm/java-8-oracle/jre/lib/jce.jar:/usr/lib/jvm/java-8-oracle/jre/lib/charsets.jar:/usr/lib/jvm/java-8-oracle/jre/lib/jfr.jar:/usr/lib/jvm/java-8-oracle/jre/classes" />
    <property name="reports.unit.dir" value="reports/unit" />
    <property name="reports.jacoco.dir" value="reports/coverage" />
    <property name="sun.desktop" value="gnome" />
    <property name="java.vm.specification.vendor" value="Oracle Corporation" />
    <property name="ant.home" value="/usr/lib/eclipse/luna/eclipse/plugins/org.apache.ant_1.9.2.v201404171502" />
    <property name="java.runtime.version" value="1.8.0_40-b25" />
    <property name="test.build.dir" value="bin/test/classes" />
    <property name="user.name" value="oalpha" />
    <property name="build.dir" value="bin/classes" />
    <property name="user.language" value="en" />
    <property name="sun.boot.library.path" value="/usr/lib/jvm/java-8-oracle/jre/lib/amd64" />
    <property name="ant.project.default-target" value="build" />
    <property name="doc.dir" value="doc" />
    <property name="ant.project.name" value="UI Efficiency Statistics Generator" />
    <property name="java.version" value="1.8.0_40" />
    <property name="user.timezone" value="America/New_York" />
    <property name="sun.arch.data.model" value="64" />
    <property name="test.src.dir" value="src/test/java" />
    <property name="java.endorsed.dirs" value="/usr/lib/jvm/java-8-oracle/jre/lib/endorsed" />
    <property name="sun.cpu.isalist" value="" />
    <property name="sun.jnu.encoding" value="UTF-8" />
    <property name="file.encoding.pkg" value="sun.io" />
    <property name="file.separator" value="/" />
    <property name="java.specification.name" value="Java Platform API Specification" />
    <property name="java.class.version" value="52.0" />
    <property name="user.country" value="US" />
    <property name="java.home" value="/usr/lib/jvm/java-8-oracle/jre" />
    <property name="java.vm.info" value="mixed mode" />
    <property name="ant.file" value="/mnt/Work-School-All/000/Workspace/Software-Testing/UIESG/build.xml" />
    <property name="os.version" value="3.13.0-48-generic" />
    <property name="path.separator" value=":" />
    <property name="java.vm.version" value="25.40-b25" />
    <property name="ant.library.dir" value="/usr/lib/eclipse/luna/eclipse/plugins/org.apache.ant_1.9.2.v201404171502/lib" />
    <property name="test.doc.dir" value="testdoc" />
    <property name="java.awt.printerjob" value="sun.print.PSPrinterJob" />
    <property name="sun.io.unicode.encoding" value="UnicodeLittle" />
    <property name="awt.toolkit" value="sun.awt.X11.XToolkit" />
    <property name="_jacoco.agentFile" value="/tmp/jacocoagent6226126847025516089.jar" />
    <property name="ant.file.type.UI Efficiency Statistics Generator" value="file" />
    <property name="eclipse.pdebuild.scripts" value="/usr/lib/eclipse/luna/eclipse/../../../../../home/oalpha/.eclipse/org.eclipse.platform_4.4.1_22880240_linux_gtk_x86_64/plugins/org.eclipse.pde.build_3.9.0.v20140415-2029/scripts//" />
    <property name="user.home" value="/home/oalpha" />
    <property name="java.specification.vendor" value="Oracle Corporation" />
    <property name="java.library.path" value="/usr/java/packages/lib/amd64:/usr/lib64:/lib64:/lib:/usr/lib" />
    <property name="java.vendor.url" value="http://java.oracle.com/" />
    <property name="java.vm.vendor" value="Oracle Corporation" />
    <property name="java.runtime.name" value="Java(TM) SE Runtime Environment" />
    <property name="sun.java.command" value="org.apache.tools.ant.taskdefs.optional.junit.JUnitTestRunner edu.fgcu.stesting.uiesg.UnitTest filtertrace=true haltOnError=false haltOnFailure=false formatter=org.apache.tools.ant.taskdefs.optional.junit.SummaryJUnitResultFormatter showoutput=false outputtoformatters=true logfailedtests=true logtestlistenerevents=false formatter=org.apache.tools.ant.taskdefs.optional.junit.XMLJUnitResultFormatter,/mnt/Work-School-All/000/Workspace/Software-Testing/UIESG/reports/unit/TEST-edu.fgcu.stesting.uiesg.UnitTest.xml formatter=org.apache.tools.ant.taskdefs.optional.junit.PlainJUnitResultFormatter,/mnt/Work-School-All/000/Workspace/Software-Testing/UIESG/reports/unit/TEST-edu.fgcu.stesting.uiesg.UnitTest.txt crashfile=/mnt/Work-School-All/000/Workspace/Software-Testing/UIESG/junitvmwatcher3000321815088441094.properties propsfile=/mnt/Work-School-All/000/Workspace/Software-Testing/UIESG/junit1634335294291628241.properties" />
    <property name="java.class.path" value="/mnt/Work-School-All/000/Workspace/Software-Testing/UIESG/bin/classes:/mnt/Work-School-All/000/Workspace/Software-Testing/UIESG/jars/hamcrest-all-1.3.jar:/mnt/Work-School-All/000/Workspace/Software-Testing/UIESG/jars/jacocoagent.jar:/mnt/Work-School-All/000/Workspace/Software-Testing/UIESG/jars/jacocoant.jar:/mnt/Work-School-All/000/Workspace/Software-Testing/UIESG/jars/junit4.jar:/mnt/Work-School-All/000/Workspace/Software-Testing/UIESG/jars/org.jacoco.agent-0.7.4.201502262128.jar:/mnt/Work-School-All/000/Workspace/Software-Testing/UIESG/jars/org.jacoco.ant-0.7.4.201502262128.jar:/mnt/Work-School-All/000/Workspace/Software-Testing/UIESG/jars/org.jacoco.core-0.7.4.201502262128.jar:/mnt/Work-School-All/000/Workspace/Software-Testing/UIESG/jars/org.jacoco.report-0.7.4.201502262128.jar:/mnt/Work-School-All/000/Workspace/Software-Testing/UIESG/bin/test/classes:/usr/lib/eclipse/luna/eclipse/plugins/org.apache.ant_1.9.2.v201404171502/lib/ant-launcher.jar:/usr/lib/eclipse/luna/eclipse/plugins/org.apache.ant_1.9.2.v201404171502/lib/ant.jar:/usr/lib/eclipse/luna/eclipse/plugins/org.apache.ant_1.9.2.v201404171502/lib/ant-junit.jar:/usr/lib/eclipse/luna/eclipse/plugins/org.apache.ant_1.9.2.v201404171502/lib/ant-junit4.jar:/tmp/jacocoagent6226126847025516089.jar" />
    <property name="ant.version" value="Apache Ant(TM) version 1.9.2 compiled on July 8 2013" />
    <property name="java.vm.specification.name" value="Java Virtual Machine Specification" />
    <property name="jars.dir" value="jars" />
    <property name="java.vm.specification.version" value="1.8" />
    <property name="sun.cpu.endian" value="little" />
    <property name="sun.os.patch.level" value="unknown" />
    <property name="eclipse.pdebuild.home" value="/usr/lib/eclipse/luna/eclipse/../../../../../home/oalpha/.eclipse/org.eclipse.platform_4.4.1_22880240_linux_gtk_x86_64/plugins/org.eclipse.pde.build_3.9.0.v20140415-2029/.//" />
    <property name="java.io.tmpdir" value="/tmp" />
    <property name="java.vendor.url.bug" value="http://bugreport.sun.com/bugreport/" />
    <property name="os.arch" value="amd64" />
    <property name="java.awt.graphicsenv" value="sun.awt.X11GraphicsEnvironment" />
    <property name="java.ext.dirs" value="/usr/lib/jvm/java-8-oracle/jre/lib/ext:/usr/java/packages/lib/ext" />
    <property name="user.dir" value="/mnt/Work-School-All/000/Workspace/Software-Testing/UIESG" />
    <property name="line.separator" value="&#xa;" />
    <property name="java.vm.name" value="Java HotSpot(TM) 64-Bit Server VM" />
    <property name="reports.int.dir" value="reports/integration" />
    <property name="basedir" value="/mnt/Work-School-All/000/Workspace/Software-Testing/UIESG" />
    <property name="ant.java.version" value="1.8" />
    <property name="ant.core.lib" value="/usr/lib/eclipse/luna/eclipse/plugins/org.apache.ant_1.9.2.v201404171502/lib/ant.jar" />
    <property name="file.encoding" value="UTF-8" />
    <property name="java.specification.version" value="1.8" />
    <property name="src.dir" value="src/main/java" />
    <property name="ant.project.invoked-targets" value="unit-test" />
  </properties>
  <testcase classname="edu.fgcu.stesting.uiesg.data.GraphOutputDataUnitTest" name="testConstructorDefault" time="0.034" />
  <testcase classname="edu.fgcu.stesting.uiesg.data.GraphOutputDataUnitTest" name="testGetNodeAsEdge" time="0.051">
    <error message="Unexpected exception, expected&lt;java.lang.IllegalArgumentException&gt; but was&lt;java.lang.IndexOutOfBoundsException&gt;" type="java.lang.Exception">java.lang.Exception: Unexpected exception, expected&lt;java.lang.IllegalArgumentException&gt; but was&lt;java.lang.IndexOutOfBoundsException&gt;
Caused by: java.lang.IndexOutOfBoundsException: Index: 1, Size: 0
	at java.util.LinkedList.checkElementIndex(LinkedList.java:555)
	at java.util.LinkedList.get(LinkedList.java:476)
	at edu.fgcu.stesting.uiesg.data.imp.GraphOutputDataImp.getNode(Unknown Source)
	at edu.fgcu.stesting.uiesg.data.GraphOutputDataUnitTest.testGetNodeAsEdge(Unknown Source)
</error>
  </testcase>
  <testcase classname="edu.fgcu.stesting.uiesg.data.GraphOutputDataUnitTest" name="testOrder" time="0.025">
    <failure message="godA.order() must be 4 expected:&lt;0&gt; but was:&lt;4&gt;" type="junit.framework.AssertionFailedError">junit.framework.AssertionFailedError: godA.order() must be 4 expected:&lt;0&gt; but was:&lt;4&gt;
	at edu.fgcu.stesting.uiesg.data.GraphOutputDataUnitTest.testOrder(Unknown Source)
</failure>
  </testcase>
  <testcase classname="edu.fgcu.stesting.uiesg.data.GraphOutputDataUnitTest" name="testLock" time="0.001" />
  <testcase classname="edu.fgcu.stesting.uiesg.data.GraphOutputDataUnitTest" name="testSize" time="0.022">
    <failure message="godA.size() must be 3 expected:&lt;0&gt; but was:&lt;3&gt;" type="junit.framework.AssertionFailedError">junit.framework.AssertionFailedError: godA.size() must be 3 expected:&lt;0&gt; but was:&lt;3&gt;
	at edu.fgcu.stesting.uiesg.data.GraphOutputDataUnitTest.testSize(Unknown Source)
</failure>
  </testcase>
  <testcase classname="edu.fgcu.stesting.uiesg.data.GraphOutputDataUnitTest" name="testAddActionLocked" time="0.003" />
  <testcase classname="edu.fgcu.stesting.uiesg.data.GraphOutputDataUnitTest" name="testGetEdgeAsNode" time="0.052">
    <error message="Unexpected exception, expected&lt;java.lang.IllegalArgumentException&gt; but was&lt;java.lang.IndexOutOfBoundsException&gt;" type="java.lang.Exception">java.lang.Exception: Unexpected exception, expected&lt;java.lang.IllegalArgumentException&gt; but was&lt;java.lang.IndexOutOfBoundsException&gt;
Caused by: java.lang.IndexOutOfBoundsException: Index: 0, Size: 0
	at java.util.LinkedList.checkElementIndex(LinkedList.java:555)
	at java.util.LinkedList.get(LinkedList.java:476)
	at edu.fgcu.stesting.uiesg.data.imp.GraphOutputDataImp.getEdge(Unknown Source)
	at edu.fgcu.stesting.uiesg.data.GraphOutputDataUnitTest.testGetEdgeAsNode(Unknown Source)
</error>
  </testcase>
  <testcase classname="edu.fgcu.stesting.uiesg.data.GraphOutputDataUnitTest" name="testGetEdge" time="0.01">
    <error message="Index: 1, Size: 0" type="java.lang.IndexOutOfBoundsException">java.lang.IndexOutOfBoundsException: Index: 1, Size: 0
	at java.util.LinkedList.checkElementIndex(LinkedList.java:555)
	at java.util.LinkedList.get(LinkedList.java:476)
	at edu.fgcu.stesting.uiesg.data.imp.GraphOutputDataImp.getAction(Unknown Source)
	at edu.fgcu.stesting.uiesg.data.GraphOutputDataUnitTest.testGetEdge(Unknown Source)
</error>
  </testcase>
  <testcase classname="edu.fgcu.stesting.uiesg.data.GraphOutputDataUnitTest" name="testGetNode" time="0.009">
    <error message="Index: 0, Size: 0" type="java.lang.IndexOutOfBoundsException">java.lang.IndexOutOfBoundsException: Index: 0, Size: 0
	at java.util.LinkedList.checkElementIndex(LinkedList.java:555)
	at java.util.LinkedList.get(LinkedList.java:476)
	at edu.fgcu.stesting.uiesg.data.imp.GraphOutputDataImp.getAction(Unknown Source)
	at edu.fgcu.stesting.uiesg.data.GraphOutputDataUnitTest.testGetNode(Unknown Source)
</error>
  </testcase>
  <testcase classname="edu.fgcu.stesting.uiesg.data.GraphOutputDataUnitTest" name="testAddAction" time="0.008">
    <failure message="godA.order() must be 5 expected:&lt;0&gt; but was:&lt;5&gt;" type="junit.framework.AssertionFailedError">junit.framework.AssertionFailedError: godA.order() must be 5 expected:&lt;0&gt; but was:&lt;5&gt;
	at edu.fgcu.stesting.uiesg.data.GraphOutputDataUnitTest.testAddAction(Unknown Source)
</failure>
  </testcase>
  <testcase classname="edu.fgcu.stesting.uiesg.data.GraphOutputDataUnitTest" name="testGetAction" time="0.004">
    <error message="Index: 0, Size: 0" type="java.lang.IndexOutOfBoundsException">java.lang.IndexOutOfBoundsException: Index: 0, Size: 0
	at java.util.LinkedList.checkElementIndex(LinkedList.java:555)
	at java.util.LinkedList.get(LinkedList.java:476)
	at edu.fgcu.stesting.uiesg.data.imp.GraphOutputDataImp.getAction(Unknown Source)
	at edu.fgcu.stesting.uiesg.data.GraphOutputDataUnitTest.testGetAction(Unknown Source)
</error>
  </testcase>
  <testcase classname="edu.fgcu.stesting.uiesg.data.GraphOutputDataUnitTest" name="testConstructorIterator" time="0.008">
    <error message="test not implemented" type="java.lang.RuntimeException">java.lang.RuntimeException: test not implemented
	at edu.fgcu.stesting.uiesg.data.GraphOutputDataUnitTest.testConstructorIterator(Unknown Source)
</error>
  </testcase>
  <testcase classname="edu.fgcu.stesting.uiesg.data.GraphOutputDataUnitTest" name="testIndexOf" time="0.008">
    <failure message="indexof returned incorrect value expected:&lt;0&gt; but was:&lt;-1&gt;" type="junit.framework.AssertionFailedError">junit.framework.AssertionFailedError: indexof returned incorrect value expected:&lt;0&gt; but was:&lt;-1&gt;
	at edu.fgcu.stesting.uiesg.data.GraphOutputDataUnitTest.testIndexOf(Unknown Source)
</failure>
  </testcase>
  <testcase classname="edu.fgcu.stesting.uiesg.data.MouseActionInputDataUnitTest" name="testGetRange" time="0.011" />
  <testcase classname="edu.fgcu.stesting.uiesg.data.MouseActionInputDataUnitTest" name="testSize" time="0.0" />
  <testcase classname="edu.fgcu.stesting.uiesg.data.MouseActionInputDataUnitTest" name="testAddPointFault" time="0.001" />
  <testcase classname="edu.fgcu.stesting.uiesg.data.MouseActionInputDataUnitTest" name="testAddPoint" time="0.001" />
  <testcase classname="edu.fgcu.stesting.uiesg.data.MouseActionInputDataUnitTest" name="testTimeStamp" time="0.001" />
  <testcase classname="edu.fgcu.stesting.uiesg.data.PageContextUnitTest" name="initializationError" time="0.005">
    <error message="No runnable methods" type="java.lang.Exception">java.lang.Exception: No runnable methods
	at java.lang.reflect.Constructor.newInstance(Constructor.java:422)
	at java.lang.reflect.Constructor.newInstance(Constructor.java:422)
</error>
  </testcase>
  <testcase classname="edu.fgcu.stesting.uiesg.data.SiteEfficiencyDataUnitTest" name="testCalculateStatisticsLoaded" time="0.03" />
  <testcase classname="edu.fgcu.stesting.uiesg.data.SiteEfficiencyDataUnitTest" name="testCompileMouseDataLoaded" time="0.018">
    <error message="constructor not implemented" type="java.lang.RuntimeException">java.lang.RuntimeException: constructor not implemented
	at edu.fgcu.stesting.uiesg.data.imp.GraphOutputDataImp.&lt;init&gt;(Unknown Source)
	at edu.fgcu.stesting.uiesg.data.SiteEfficiencyData.compileMouseData(Unknown Source)
	at edu.fgcu.stesting.uiesg.data.SiteEfficiencyDataUnitTest.testCompileMouseDataLoaded(Unknown Source)
</error>
  </testcase>
  <testcase classname="edu.fgcu.stesting.uiesg.data.SiteEfficiencyDataUnitTest" name="testNewMouseDataLoaded" time="0.002" />
  <testcase classname="edu.fgcu.stesting.uiesg.data.SiteEfficiencyDataUnitTest" name="testGetForDomainExistsWithFile" time="0.004" />
  <testcase classname="edu.fgcu.stesting.uiesg.data.SiteEfficiencyDataUnitTest" name="testIsLoadedNotLoaded" time="0.004" />
  <testcase classname="edu.fgcu.stesting.uiesg.data.SiteEfficiencyDataUnitTest" name="testGetForDomainNotExists" time="0.002" />
  <testcase classname="edu.fgcu.stesting.uiesg.data.SiteEfficiencyDataUnitTest" name="testLoadDataFileNotExists" time="0.003" />
  <testcase classname="edu.fgcu.stesting.uiesg.data.SiteEfficiencyDataUnitTest" name="testUnloadDataLoaded" time="0.005">
    <error type="java.lang.NullPointerException">java.lang.NullPointerException
	at edu.fgcu.stesting.uiesg.data.SiteEfficiencyData.unloadData(Unknown Source)
	at edu.fgcu.stesting.uiesg.data.SiteEfficiencyDataUnitTest.testUnloadDataLoaded(Unknown Source)
</error>
  </testcase>
  <testcase classname="edu.fgcu.stesting.uiesg.data.SiteEfficiencyDataUnitTest" name="testIsLoadedLoaded" time="0.023" />
  <testcase classname="edu.fgcu.stesting.uiesg.data.SiteEfficiencyDataUnitTest" name="testNewMouseDataNotLoaded" time="0.035">
    <error message="test not implemented" type="java.lang.RuntimeException">java.lang.RuntimeException: test not implemented
	at edu.fgcu.stesting.uiesg.data.SiteEfficiencyDataUnitTest.testNewMouseDataNotLoaded(Unknown Source)
</error>
  </testcase>
  <testcase classname="edu.fgcu.stesting.uiesg.data.SiteEfficiencyDataUnitTest" name="testLoadDataFileExists" time="0.013">
    <failure message="wiki.loadData() must return true" type="junit.framework.AssertionFailedError">junit.framework.AssertionFailedError: wiki.loadData() must return true
	at edu.fgcu.stesting.uiesg.data.SiteEfficiencyDataUnitTest.testLoadDataFileExists(Unknown Source)
</failure>
  </testcase>
  <testcase classname="edu.fgcu.stesting.uiesg.data.SiteEfficiencyDataUnitTest" name="testLoadDataFileLoaded" time="0.001" />
  <testcase classname="edu.fgcu.stesting.uiesg.data.SiteEfficiencyDataUnitTest" name="testUnloadDataNotLoaded" time="0.004">
    <error type="java.lang.NullPointerException">java.lang.NullPointerException
	at edu.fgcu.stesting.uiesg.data.SiteEfficiencyData.unloadData(Unknown Source)
	at edu.fgcu.stesting.uiesg.data.SiteEfficiencyDataUnitTest.testUnloadDataNotLoaded(Unknown Source)
</error>
  </testcase>
  <testcase classname="edu.fgcu.stesting.uiesg.data.SiteEfficiencyDataUnitTest" name="testCalculateStatisticsNotLoaded" time="0.019">
    <error message="test not implemented" type="java.lang.RuntimeException">java.lang.RuntimeException: test not implemented
	at edu.fgcu.stesting.uiesg.data.SiteEfficiencyDataUnitTest.testCalculateStatisticsNotLoaded(Unknown Source)
</error>
  </testcase>
  <testcase classname="edu.fgcu.stesting.uiesg.data.SiteEfficiencyDataUnitTest" name="testCompileMouseDataNotLoaded" time="0.046">
    <error message="test not implemented" type="java.lang.RuntimeException">java.lang.RuntimeException: test not implemented
	at edu.fgcu.stesting.uiesg.data.SiteEfficiencyDataUnitTest.testCompileMouseDataNotLoaded(Unknown Source)
</error>
  </testcase>
  <testcase classname="edu.fgcu.stesting.uiesg.data.SiteEfficiencyDataUnitTest" name="testGetForDomainExistsNoFile" time="0.017" />
  <system-out><![CDATA[]]></system-out>
  <system-err><![CDATA[java.io.EOFException
	at java.io.DataInputStream.readInt(DataInputStream.java:392)
	at edu.fgcu.stesting.uiesg.data.SiteEfficiencyData.loadData(Unknown Source)
	at edu.fgcu.stesting.uiesg.data.SiteEfficiencyDataUnitTest.testIsLoadedLoaded(Unknown Source)
	at sun.reflect.NativeMethodAccessorImpl.invoke0(Native Method)
	at sun.reflect.NativeMethodAccessorImpl.invoke(NativeMethodAccessorImpl.java:62)
	at sun.reflect.DelegatingMethodAccessorImpl.invoke(DelegatingMethodAccessorImpl.java:43)
	at java.lang.reflect.Method.invoke(Method.java:497)
	at org.junit.runners.model.FrameworkMethod$1.runReflectiveCall(FrameworkMethod.java:47)
	at org.junit.internal.runners.model.ReflectiveCallable.run(ReflectiveCallable.java:12)
	at org.junit.runners.model.FrameworkMethod.invokeExplosively(FrameworkMethod.java:44)
	at org.junit.internal.runners.statements.InvokeMethod.evaluate(InvokeMethod.java:17)
	at org.junit.internal.runners.statements.RunBefores.evaluate(RunBefores.java:26)
	at org.junit.internal.runners.statements.RunAfters.evaluate(RunAfters.java:27)
	at org.junit.runners.ParentRunner.runLeaf(ParentRunner.java:271)
	at org.junit.runners.BlockJUnit4ClassRunner.runChild(BlockJUnit4ClassRunner.java:70)
	at org.junit.runners.BlockJUnit4ClassRunner.runChild(BlockJUnit4ClassRunner.java:50)
	at org.junit.runners.ParentRunner$3.run(ParentRunner.java:238)
	at org.junit.runners.ParentRunner$1.schedule(ParentRunner.java:63)
	at org.junit.runners.ParentRunner.runChildren(ParentRunner.java:236)
	at org.junit.runners.ParentRunner.access$000(ParentRunner.java:53)
	at org.junit.runners.ParentRunner$2.evaluate(ParentRunner.java:229)
	at org.junit.internal.runners.statements.RunBefores.evaluate(RunBefores.java:26)
	at org.junit.runners.ParentRunner.run(ParentRunner.java:309)
	at org.junit.runners.Suite.runChild(Suite.java:127)
	at org.junit.runners.Suite.runChild(Suite.java:26)
	at org.junit.runners.ParentRunner$3.run(ParentRunner.java:238)
	at org.junit.runners.ParentRunner$1.schedule(ParentRunner.java:63)
	at org.junit.runners.ParentRunner.runChildren(ParentRunner.java:236)
	at org.junit.runners.ParentRunner.access$000(ParentRunner.java:53)
	at org.junit.runners.ParentRunner$2.evaluate(ParentRunner.java:229)
	at org.junit.runners.ParentRunner.run(ParentRunner.java:309)
	at junit.framework.JUnit4TestAdapter.run(JUnit4TestAdapter.java:38)
	at org.apache.tools.ant.taskdefs.optional.junit.JUnitTestRunner.run(JUnitTestRunner.java:523)
	at org.apache.tools.ant.taskdefs.optional.junit.JUnitTestRunner.launch(JUnitTestRunner.java:1063)
	at org.apache.tools.ant.taskdefs.optional.junit.JUnitTestRunner.main(JUnitTestRunner.java:914)
java.io.EOFException
	at java.io.DataInputStream.readInt(DataInputStream.java:392)
	at edu.fgcu.stesting.uiesg.data.SiteEfficiencyData.loadData(Unknown Source)
	at edu.fgcu.stesting.uiesg.data.SiteEfficiencyDataUnitTest.testLoadDataFileExists(Unknown Source)
	at sun.reflect.NativeMethodAccessorImpl.invoke0(Native Method)
	at sun.reflect.NativeMethodAccessorImpl.invoke(NativeMethodAccessorImpl.java:62)
	at sun.reflect.DelegatingMethodAccessorImpl.invoke(DelegatingMethodAccessorImpl.java:43)
	at java.lang.reflect.Method.invoke(Method.java:497)
	at org.junit.runners.model.FrameworkMethod$1.runReflectiveCall(FrameworkMethod.java:47)
	at org.junit.internal.runners.model.ReflectiveCallable.run(ReflectiveCallable.java:12)
	at org.junit.runners.model.FrameworkMethod.invokeExplosively(FrameworkMethod.java:44)
	at org.junit.internal.runners.statements.InvokeMethod.evaluate(InvokeMethod.java:17)
	at org.junit.internal.runners.statements.RunBefores.evaluate(RunBefores.java:26)
	at org.junit.internal.runners.statements.RunAfters.evaluate(RunAfters.java:27)
	at org.junit.runners.ParentRunner.runLeaf(ParentRunner.java:271)
	at org.junit.runners.BlockJUnit4ClassRunner.runChild(BlockJUnit4ClassRunner.java:70)
	at org.junit.runners.BlockJUnit4ClassRunner.runChild(BlockJUnit4ClassRunner.java:50)
	at org.junit.runners.ParentRunner$3.run(ParentRunner.java:238)
	at org.junit.runners.ParentRunner$1.schedule(ParentRunner.java:63)
	at org.junit.runners.ParentRunner.runChildren(ParentRunner.java:236)
	at org.junit.runners.ParentRunner.access$000(ParentRunner.java:53)
	at org.junit.runners.ParentRunner$2.evaluate(ParentRunner.java:229)
	at org.junit.internal.runners.statements.RunBefores.evaluate(RunBefores.java:26)
	at org.junit.runners.ParentRunner.run(ParentRunner.java:309)
	at org.junit.runners.Suite.runChild(Suite.java:127)
	at org.junit.runners.Suite.runChild(Suite.java:26)
	at org.junit.runners.ParentRunner$3.run(ParentRunner.java:238)
	at org.junit.runners.ParentRunner$1.schedule(ParentRunner.java:63)
	at org.junit.runners.ParentRunner.runChildren(ParentRunner.java:236)
	at org.junit.runners.ParentRunner.access$000(ParentRunner.java:53)
	at org.junit.runners.ParentRunner$2.evaluate(ParentRunner.java:229)
	at org.junit.runners.ParentRunner.run(ParentRunner.java:309)
	at junit.framework.JUnit4TestAdapter.run(JUnit4TestAdapter.java:38)
	at org.apache.tools.ant.taskdefs.optional.junit.JUnitTestRunner.run(JUnitTestRunner.java:523)
	at org.apache.tools.ant.taskdefs.optional.junit.JUnitTestRunner.launch(JUnitTestRunner.java:1063)
	at org.apache.tools.ant.taskdefs.optional.junit.JUnitTestRunner.main(JUnitTestRunner.java:914)
]]></system-err>
</testsuite>
