<?xml version="1.0" encoding="UTF-8" ?>
<testsuite errors="10" failures="1" hostname="oalpha-HP-2000-Notebook-PC" name="edu.fgcu.stesting.uiesg.UnitTest" skipped="0" tests="36" time="1.4" timestamp="2015-04-09T15:39:45">
  <properties>
[...]
</properties>
  <testcase classname="edu.fgcu.stesting.uiesg.data.GraphOutputDataUnitTest" name="testConstructorDefault" time="0.057" />
  <testcase classname="edu.fgcu.stesting.uiesg.data.GraphOutputDataUnitTest" name="testGetNodeAsEdge" time="0.001" />
  <testcase classname="edu.fgcu.stesting.uiesg.data.GraphOutputDataUnitTest" name="testAddEdge" time="0.001" />
  <testcase classname="edu.fgcu.stesting.uiesg.data.GraphOutputDataUnitTest" name="testAddNode" time="0.003" />
  <testcase classname="edu.fgcu.stesting.uiesg.data.GraphOutputDataUnitTest" name="testOrder" time="0.094">
    <error message="test not implemented" type="java.lang.RuntimeException">java.lang.RuntimeException: test not implemented
	at edu.fgcu.stesting.uiesg.data.GraphOutputDataUnitTest.testOrder(GraphOutputDataUnitTest.java:98)
</error>
  </testcase>
  <testcase classname="edu.fgcu.stesting.uiesg.data.GraphOutputDataUnitTest" name="testLock" time="0.003" />
  <testcase classname="edu.fgcu.stesting.uiesg.data.GraphOutputDataUnitTest" name="testSize" time="0.014">
    <error message="test not implemented" type="java.lang.RuntimeException">java.lang.RuntimeException: test not implemented
	at edu.fgcu.stesting.uiesg.data.GraphOutputDataUnitTest.testSize(GraphOutputDataUnitTest.java:104)
</error>
  </testcase>
  <testcase classname="edu.fgcu.stesting.uiesg.data.GraphOutputDataUnitTest" name="testAddActionLocked" time="0.001" />
  <testcase classname="edu.fgcu.stesting.uiesg.data.GraphOutputDataUnitTest" name="testGetEdgeAsNode" time="0.001" />
  <testcase classname="edu.fgcu.stesting.uiesg.data.GraphOutputDataUnitTest" name="testGetEdge" time="0.001" />
  <testcase classname="edu.fgcu.stesting.uiesg.data.GraphOutputDataUnitTest" name="testGetNode" time="0.001" />
  <testcase classname="edu.fgcu.stesting.uiesg.data.GraphOutputDataUnitTest" name="testGetAction" time="0.001" />
  <testcase classname="edu.fgcu.stesting.uiesg.data.GraphOutputDataUnitTest" name="testConstructorIterator" time="0.013">
    <error message="test not implemented" type="java.lang.RuntimeException">java.lang.RuntimeException: test not implemented
	at edu.fgcu.stesting.uiesg.data.GraphOutputDataUnitTest.testConstructorIterator(GraphOutputDataUnitTest.java:92)
</error>
  </testcase>
  <testcase classname="edu.fgcu.stesting.uiesg.data.GraphOutputDataUnitTest" name="testIndexOf" time="0.002" />
  <testcase classname="edu.fgcu.stesting.uiesg.data.MouseActionInputDataUnitTest" name="testGetRange" time="0.021" />
  <testcase classname="edu.fgcu.stesting.uiesg.data.MouseActionInputDataUnitTest" name="testSize" time="0.001" />
  <testcase classname="edu.fgcu.stesting.uiesg.data.MouseActionInputDataUnitTest" name="testAddPointFault" time="0.006" />
  <testcase classname="edu.fgcu.stesting.uiesg.data.MouseActionInputDataUnitTest" name="testAddPoint" time="0.001" />
  <testcase classname="edu.fgcu.stesting.uiesg.data.MouseActionInputDataUnitTest" name="testTimeStamp" time="0.001" />
  <testcase classname="edu.fgcu.stesting.uiesg.data.PageContextUnitTest" name="initializationError" time="0.015">
    <error message="No runnable methods" type="java.lang.Exception">java.lang.Exception: No runnable methods
	at java.lang.reflect.Constructor.newInstance(Constructor.java:422)
	at java.lang.reflect.Constructor.newInstance(Constructor.java:422)
</error>
  </testcase>
  <testcase classname="edu.fgcu.stesting.uiesg.data.SiteEfficiencyDataUnitTest" name="testCalculateStatisticsLoaded" time="0.046" />
  <testcase classname="edu.fgcu.stesting.uiesg.data.SiteEfficiencyDataUnitTest" name="testCompileMouseDataLoaded" time="0.012">
    <error message="constructor not implemented" type="java.lang.RuntimeException">java.lang.RuntimeException: constructor not implemented
	at edu.fgcu.stesting.uiesg.data.imp.GraphOutputDataImp.&lt;init&gt;(GraphOutputDataImp.java:72)
	at edu.fgcu.stesting.uiesg.data.SiteEfficiencyData.compileMouseData(SiteEfficiencyData.java:506)
	at edu.fgcu.stesting.uiesg.data.SiteEfficiencyDataUnitTest.testCompileMouseDataLoaded(SiteEfficiencyDataUnitTest.java:347)
</error>
  </testcase>
  <testcase classname="edu.fgcu.stesting.uiesg.data.SiteEfficiencyDataUnitTest" name="testNewMouseDataLoaded" time="0.006" />
  <testcase classname="edu.fgcu.stesting.uiesg.data.SiteEfficiencyDataUnitTest" name="testGetForDomainExistsWithFile" time="0.001" />
  <testcase classname="edu.fgcu.stesting.uiesg.data.SiteEfficiencyDataUnitTest" name="testIsLoadedNotLoaded" time="0.006" />
  <testcase classname="edu.fgcu.stesting.uiesg.data.SiteEfficiencyDataUnitTest" name="testGetForDomainNotExists" time="0.007" />
  <testcase classname="edu.fgcu.stesting.uiesg.data.SiteEfficiencyDataUnitTest" name="testLoadDataFileNotExists" time="0.007" />
  <testcase classname="edu.fgcu.stesting.uiesg.data.SiteEfficiencyDataUnitTest" name="testUnloadDataLoaded" time="0.016">
    <error type="java.lang.NullPointerException">java.lang.NullPointerException
	at edu.fgcu.stesting.uiesg.data.SiteEfficiencyData.unloadData(SiteEfficiencyData.java:351)
	at edu.fgcu.stesting.uiesg.data.SiteEfficiencyDataUnitTest.testUnloadDataLoaded(SiteEfficiencyDataUnitTest.java:258)
</error>
  </testcase>
  <testcase classname="edu.fgcu.stesting.uiesg.data.SiteEfficiencyDataUnitTest" name="testIsLoadedLoaded" time="0.015" />
  <testcase classname="edu.fgcu.stesting.uiesg.data.SiteEfficiencyDataUnitTest" name="testNewMouseDataNotLoaded" time="0.011">
    <error message="test not implemented" type="java.lang.RuntimeException">java.lang.RuntimeException: test not implemented
	at edu.fgcu.stesting.uiesg.data.SiteEfficiencyDataUnitTest.testNewMouseDataNotLoaded(SiteEfficiencyDataUnitTest.java:388)
</error>
  </testcase>
  <testcase classname="edu.fgcu.stesting.uiesg.data.SiteEfficiencyDataUnitTest" name="testLoadDataFileExists" time="0.038">
    <failure message="wiki.loadData() must return true" type="junit.framework.AssertionFailedError">junit.framework.AssertionFailedError: wiki.loadData() must return true
	at edu.fgcu.stesting.uiesg.data.SiteEfficiencyDataUnitTest.testLoadDataFileExists(SiteEfficiencyDataUnitTest.java:188)
</failure>
  </testcase>
  <testcase classname="edu.fgcu.stesting.uiesg.data.SiteEfficiencyDataUnitTest" name="testLoadDataFileLoaded" time="0.001" />
  <testcase classname="edu.fgcu.stesting.uiesg.data.SiteEfficiencyDataUnitTest" name="testUnloadDataNotLoaded" time="0.071">
    <error type="java.lang.NullPointerException">java.lang.NullPointerException
	at edu.fgcu.stesting.uiesg.data.SiteEfficiencyData.unloadData(SiteEfficiencyData.java:351)
	at edu.fgcu.stesting.uiesg.data.SiteEfficiencyDataUnitTest.testUnloadDataNotLoaded(SiteEfficiencyDataUnitTest.java:232)
</error>
  </testcase>
  <testcase classname="edu.fgcu.stesting.uiesg.data.SiteEfficiencyDataUnitTest" name="testCalculateStatisticsNotLoaded" time="0.01">
    <error message="test not implemented" type="java.lang.RuntimeException">java.lang.RuntimeException: test not implemented
	at edu.fgcu.stesting.uiesg.data.SiteEfficiencyDataUnitTest.testCalculateStatisticsNotLoaded(SiteEfficiencyDataUnitTest.java:406)
</error>
  </testcase>
  <testcase classname="edu.fgcu.stesting.uiesg.data.SiteEfficiencyDataUnitTest" name="testCompileMouseDataNotLoaded" time="0.061">
    <error message="test not implemented" type="java.lang.RuntimeException">java.lang.RuntimeException: test not implemented
	at edu.fgcu.stesting.uiesg.data.SiteEfficiencyDataUnitTest.testCompileMouseDataNotLoaded(SiteEfficiencyDataUnitTest.java:397)
</error>
  </testcase>
  <testcase classname="edu.fgcu.stesting.uiesg.data.SiteEfficiencyDataUnitTest" name="testGetForDomainExistsNoFile" time="0.016" />
  <system-out><![CDATA[]]></system-out>
  <system-err><![CDATA[java.io.EOFException
	at java.io.DataInputStream.readInt(DataInputStream.java:392)
	at edu.fgcu.stesting.uiesg.data.SiteEfficiencyData.loadData(SiteEfficiencyData.java:219)
	at edu.fgcu.stesting.uiesg.data.SiteEfficiencyDataUnitTest.testIsLoadedLoaded(SiteEfficiencyDataUnitTest.java:294)
	at sun.reflect.NativeMethodAccessorImpl.invoke0(Native Method)
	at sun.reflect.NativeMethodAccessorImpl.invoke(NativeMethodAccessorImpl.java:62)
	at sun.reflect.DelegatingMethodAccessorImpl.invoke(DelegatingMethodAccessorImpl.java:43)
	at java.lang.reflect.Method.invoke(Method.java:497)
	at org.junit.runners.model.FrameworkMethod$1.runReflectiveCall(FrameworkMethod.java:47)
	at org.junit.internal.runners.model.ReflectiveCallable.run(ReflectiveCallable.java:12)
	at org.junit.runners.model.FrameworkMethod.invokeExplosively(FrameworkMethod.java:44)
	at org.junit.internal.runners.statements.InvokeMethod.evaluate(InvokeMethod.java:17)
	at org.junit.internal.runners.statements.RunBefores.evaluate(RunBefores.java:26)
	at org.junit.internal.runners.statements.RunAfters.evaluate(RunAfters.java:27)
	at org.junit.runners.ParentRunner.runLeaf(ParentRunner.java:271)
	at org.junit.runners.BlockJUnit4ClassRunner.runChild(BlockJUnit4ClassRunner.java:70)
	at org.junit.runners.BlockJUnit4ClassRunner.runChild(BlockJUnit4ClassRunner.java:50)
	at org.junit.runners.ParentRunner$3.run(ParentRunner.java:238)
	at org.junit.runners.ParentRunner$1.schedule(ParentRunner.java:63)
	at org.junit.runners.ParentRunner.runChildren(ParentRunner.java:236)
	at org.junit.runners.ParentRunner.access$000(ParentRunner.java:53)
	at org.junit.runners.ParentRunner$2.evaluate(ParentRunner.java:229)
	at org.junit.internal.runners.statements.RunBefores.evaluate(RunBefores.java:26)
	at org.junit.runners.ParentRunner.run(ParentRunner.java:309)
	at org.junit.runners.Suite.runChild(Suite.java:127)
	at org.junit.runners.Suite.runChild(Suite.java:26)
	at org.junit.runners.ParentRunner$3.run(ParentRunner.java:238)
	at org.junit.runners.ParentRunner$1.schedule(ParentRunner.java:63)
	at org.junit.runners.ParentRunner.runChildren(ParentRunner.java:236)
	at org.junit.runners.ParentRunner.access$000(ParentRunner.java:53)
	at org.junit.runners.ParentRunner$2.evaluate(ParentRunner.java:229)
	at org.junit.runners.ParentRunner.run(ParentRunner.java:309)
	at junit.framework.JUnit4TestAdapter.run(JUnit4TestAdapter.java:38)
	at org.apache.tools.ant.taskdefs.optional.junit.JUnitTestRunner.run(JUnitTestRunner.java:523)
	at org.apache.tools.ant.taskdefs.optional.junit.JUnitTestRunner.launch(JUnitTestRunner.java:1063)
	at org.apache.tools.ant.taskdefs.optional.junit.JUnitTestRunner.main(JUnitTestRunner.java:914)
java.io.EOFException
	at java.io.DataInputStream.readInt(DataInputStream.java:392)
	at edu.fgcu.stesting.uiesg.data.SiteEfficiencyData.loadData(SiteEfficiencyData.java:219)
	at edu.fgcu.stesting.uiesg.data.SiteEfficiencyDataUnitTest.testLoadDataFileExists(SiteEfficiencyDataUnitTest.java:185)
	at sun.reflect.NativeMethodAccessorImpl.invoke0(Native Method)
	at sun.reflect.NativeMethodAccessorImpl.invoke(NativeMethodAccessorImpl.java:62)
	at sun.reflect.DelegatingMethodAccessorImpl.invoke(DelegatingMethodAccessorImpl.java:43)
	at java.lang.reflect.Method.invoke(Method.java:497)
	at org.junit.runners.model.FrameworkMethod$1.runReflectiveCall(FrameworkMethod.java:47)
	at org.junit.internal.runners.model.ReflectiveCallable.run(ReflectiveCallable.java:12)
	at org.junit.runners.model.FrameworkMethod.invokeExplosively(FrameworkMethod.java:44)
	at org.junit.internal.runners.statements.InvokeMethod.evaluate(InvokeMethod.java:17)
	at org.junit.internal.runners.statements.RunBefores.evaluate(RunBefores.java:26)
	at org.junit.internal.runners.statements.RunAfters.evaluate(RunAfters.java:27)
	at org.junit.runners.ParentRunner.runLeaf(ParentRunner.java:271)
	at org.junit.runners.BlockJUnit4ClassRunner.runChild(BlockJUnit4ClassRunner.java:70)
	at org.junit.runners.BlockJUnit4ClassRunner.runChild(BlockJUnit4ClassRunner.java:50)
	at org.junit.runners.ParentRunner$3.run(ParentRunner.java:238)
	at org.junit.runners.ParentRunner$1.schedule(ParentRunner.java:63)
	at org.junit.runners.ParentRunner.runChildren(ParentRunner.java:236)
	at org.junit.runners.ParentRunner.access$000(ParentRunner.java:53)
	at org.junit.runners.ParentRunner$2.evaluate(ParentRunner.java:229)
	at org.junit.internal.runners.statements.RunBefores.evaluate(RunBefores.java:26)
	at org.junit.runners.ParentRunner.run(ParentRunner.java:309)
	at org.junit.runners.Suite.runChild(Suite.java:127)
	at org.junit.runners.Suite.runChild(Suite.java:26)
	at org.junit.runners.ParentRunner$3.run(ParentRunner.java:238)
	at org.junit.runners.ParentRunner$1.schedule(ParentRunner.java:63)
	at org.junit.runners.ParentRunner.runChildren(ParentRunner.java:236)
	at org.junit.runners.ParentRunner.access$000(ParentRunner.java:53)
	at org.junit.runners.ParentRunner$2.evaluate(ParentRunner.java:229)
	at org.junit.runners.ParentRunner.run(ParentRunner.java:309)
	at junit.framework.JUnit4TestAdapter.run(JUnit4TestAdapter.java:38)
	at org.apache.tools.ant.taskdefs.optional.junit.JUnitTestRunner.run(JUnitTestRunner.java:523)
	at org.apache.tools.ant.taskdefs.optional.junit.JUnitTestRunner.launch(JUnitTestRunner.java:1063)
	at org.apache.tools.ant.taskdefs.optional.junit.JUnitTestRunner.main(JUnitTestRunner.java:914)
]]></system-err>
</testsuite>
