<?xml version="1.0" encoding="UTF-8" ?>
<testsuite errors="6" failures="1" hostname="oalpha-HP-2000-Notebook-PC" name="edu.fgcu.stesting.uiesg.data.SiteEfficiencyDataUnitTest" skipped="0" tests="16" time="1.042" timestamp="2015-03-26T19:06:50">
  <properties>
[...]
</properties>
  <testcase classname="edu.fgcu.stesting.uiesg.data.SiteEfficiencyDataUnitTest" name="testCalculateStatisticsLoaded" time="0.102" />
  <testcase classname="edu.fgcu.stesting.uiesg.data.SiteEfficiencyDataUnitTest" name="testCompileMouseDataLoaded" time="0.088">
    <error message="constructor not implemented" type="java.lang.RuntimeException">java.lang.RuntimeException: constructor not implemented
	at edu.fgcu.stesting.uiesg.data.imp.GraphOutputDataImp.&lt;init&gt;(Unknown Source)
	at edu.fgcu.stesting.uiesg.data.SiteEfficiencyData.compileMouseData(Unknown Source)
	at edu.fgcu.stesting.uiesg.data.SiteEfficiencyDataUnitTest.testCompileMouseDataLoaded(Unknown Source)
</error>
  </testcase>
  <testcase classname="edu.fgcu.stesting.uiesg.data.SiteEfficiencyDataUnitTest" name="testNewMouseDataLoaded" time="0.005" />
  <testcase classname="edu.fgcu.stesting.uiesg.data.SiteEfficiencyDataUnitTest" name="testGetForDomainExistsWithFile" time="0.002" />
  <testcase classname="edu.fgcu.stesting.uiesg.data.SiteEfficiencyDataUnitTest" name="testIsLoadedNotLoaded" time="0.004" />
  <testcase classname="edu.fgcu.stesting.uiesg.data.SiteEfficiencyDataUnitTest" name="testGetForDomainNotExists" time="0.005" />
  <testcase classname="edu.fgcu.stesting.uiesg.data.SiteEfficiencyDataUnitTest" name="testLoadDataFileNotExists" time="0.002" />
  <testcase classname="edu.fgcu.stesting.uiesg.data.SiteEfficiencyDataUnitTest" name="testUnloadDataLoaded" time="0.019">
    <error type="java.lang.NullPointerException">java.lang.NullPointerException
	at edu.fgcu.stesting.uiesg.data.SiteEfficiencyData.unloadData(Unknown Source)
	at edu.fgcu.stesting.uiesg.data.SiteEfficiencyDataUnitTest.testUnloadDataLoaded(Unknown Source)
</error>
  </testcase>
  <testcase classname="edu.fgcu.stesting.uiesg.data.SiteEfficiencyDataUnitTest" name="testIsLoadedLoaded" time="0.016" />
  <testcase classname="edu.fgcu.stesting.uiesg.data.SiteEfficiencyDataUnitTest" name="testNewMouseDataNotLoaded" time="0.012">
    <error message="test not implemented" type="java.lang.RuntimeException">java.lang.RuntimeException: test not implemented
	at edu.fgcu.stesting.uiesg.data.SiteEfficiencyDataUnitTest.testNewMouseDataNotLoaded(Unknown Source)
</error>
  </testcase>
  <testcase classname="edu.fgcu.stesting.uiesg.data.SiteEfficiencyDataUnitTest" name="testLoadDataFileExists" time="0.035">
    <failure message="wiki.loadData() must return true" type="junit.framework.AssertionFailedError">junit.framework.AssertionFailedError: wiki.loadData() must return true
	at edu.fgcu.stesting.uiesg.data.SiteEfficiencyDataUnitTest.testLoadDataFileExists(Unknown Source)
</failure>
  </testcase>
  <testcase classname="edu.fgcu.stesting.uiesg.data.SiteEfficiencyDataUnitTest" name="testLoadDataFileLoaded" time="0.002" />
  <testcase classname="edu.fgcu.stesting.uiesg.data.SiteEfficiencyDataUnitTest" name="testUnloadDataNotLoaded" time="0.015">
    <error type="java.lang.NullPointerException">java.lang.NullPointerException
	at edu.fgcu.stesting.uiesg.data.SiteEfficiencyData.unloadData(Unknown Source)
	at edu.fgcu.stesting.uiesg.data.SiteEfficiencyDataUnitTest.testUnloadDataNotLoaded(Unknown Source)
</error>
  </testcase>
  <testcase classname="edu.fgcu.stesting.uiesg.data.SiteEfficiencyDataUnitTest" name="testCalculateStatisticsNotLoaded" time="0.012">
    <error message="test not implemented" type="java.lang.RuntimeException">java.lang.RuntimeException: test not implemented
	at edu.fgcu.stesting.uiesg.data.SiteEfficiencyDataUnitTest.testCalculateStatisticsNotLoaded(Unknown Source)
</error>
  </testcase>
  <testcase classname="edu.fgcu.stesting.uiesg.data.SiteEfficiencyDataUnitTest" name="testCompileMouseDataNotLoaded" time="0.019">
    <error message="test not implemented" type="java.lang.RuntimeException">java.lang.RuntimeException: test not implemented
	at edu.fgcu.stesting.uiesg.data.SiteEfficiencyDataUnitTest.testCompileMouseDataNotLoaded(Unknown Source)
</error>
  </testcase>
  <testcase classname="edu.fgcu.stesting.uiesg.data.SiteEfficiencyDataUnitTest" name="testGetForDomainExistsNoFile" time="0.009" />
  <system-out><![CDATA[]]></system-out>
  <system-err><![CDATA[java.io.EOFException
	at java.io.DataInputStream.readInt(DataInputStream.java:392)
	at edu.fgcu.stesting.uiesg.data.SiteEfficiencyData.loadData(Unknown Source)
	at edu.fgcu.stesting.uiesg.data.SiteEfficiencyDataUnitTest.testIsLoadedLoaded(Unknown Source)
	at sun.reflect.NativeMethodAccessorImpl.invoke0(Native Method)
	at sun.reflect.NativeMethodAccessorImpl.invoke(NativeMethodAccessorImpl.java:62)
	at sun.reflect.DelegatingMethodAccessorImpl.invoke(DelegatingMethodAccessorImpl.java:43)
	at java.lang.reflect.Method.invoke(Method.java:483)
	at org.junit.runners.model.FrameworkMethod$1.runReflectiveCall(FrameworkMethod.java:47)
	at org.junit.internal.runners.model.ReflectiveCallable.run(ReflectiveCallable.java:12)
	at org.junit.runners.model.FrameworkMethod.invokeExplosively(FrameworkMethod.java:44)
	at org.junit.internal.runners.statements.InvokeMethod.evaluate(InvokeMethod.java:17)
	at org.junit.internal.runners.statements.RunBefores.evaluate(RunBefores.java:26)
	at org.junit.internal.runners.statements.RunAfters.evaluate(RunAfters.java:27)
	at org.junit.runners.ParentRunner.runLeaf(ParentRunner.java:271)
	at org.junit.runners.BlockJUnit4ClassRunner.runChild(BlockJUnit4ClassRunner.java:70)
	at org.junit.runners.BlockJUnit4ClassRunner.runChild(BlockJUnit4ClassRunner.java:50)
	at org.junit.runners.ParentRunner$3.run(ParentRunner.java:238)
	at org.junit.runners.ParentRunner$1.schedule(ParentRunner.java:63)
	at org.junit.runners.ParentRunner.runChildren(ParentRunner.java:236)
	at org.junit.runners.ParentRunner.access$000(ParentRunner.java:53)
	at org.junit.runners.ParentRunner$2.evaluate(ParentRunner.java:229)
	at org.junit.internal.runners.statements.RunBefores.evaluate(RunBefores.java:26)
	at org.junit.runners.ParentRunner.run(ParentRunner.java:309)
	at junit.framework.JUnit4TestAdapter.run(JUnit4TestAdapter.java:38)
	at org.apache.tools.ant.taskdefs.optional.junit.JUnitTestRunner.run(JUnitTestRunner.java:532)
	at org.apache.tools.ant.taskdefs.optional.junit.JUnitTestRunner.launch(JUnitTestRunner.java:1165)
	at org.apache.tools.ant.taskdefs.optional.junit.JUnitTestRunner.main(JUnitTestRunner.java:1016)
java.io.EOFException
	at java.io.DataInputStream.readInt(DataInputStream.java:392)
	at edu.fgcu.stesting.uiesg.data.SiteEfficiencyData.loadData(Unknown Source)
	at edu.fgcu.stesting.uiesg.data.SiteEfficiencyDataUnitTest.testLoadDataFileExists(Unknown Source)
	at sun.reflect.NativeMethodAccessorImpl.invoke0(Native Method)
	at sun.reflect.NativeMethodAccessorImpl.invoke(NativeMethodAccessorImpl.java:62)
	at sun.reflect.DelegatingMethodAccessorImpl.invoke(DelegatingMethodAccessorImpl.java:43)
	at java.lang.reflect.Method.invoke(Method.java:483)
	at org.junit.runners.model.FrameworkMethod$1.runReflectiveCall(FrameworkMethod.java:47)
	at org.junit.internal.runners.model.ReflectiveCallable.run(ReflectiveCallable.java:12)
	at org.junit.runners.model.FrameworkMethod.invokeExplosively(FrameworkMethod.java:44)
	at org.junit.internal.runners.statements.InvokeMethod.evaluate(InvokeMethod.java:17)
	at org.junit.internal.runners.statements.RunBefores.evaluate(RunBefores.java:26)
	at org.junit.internal.runners.statements.RunAfters.evaluate(RunAfters.java:27)
	at org.junit.runners.ParentRunner.runLeaf(ParentRunner.java:271)
	at org.junit.runners.BlockJUnit4ClassRunner.runChild(BlockJUnit4ClassRunner.java:70)
	at org.junit.runners.BlockJUnit4ClassRunner.runChild(BlockJUnit4ClassRunner.java:50)
	at org.junit.runners.ParentRunner$3.run(ParentRunner.java:238)
	at org.junit.runners.ParentRunner$1.schedule(ParentRunner.java:63)
	at org.junit.runners.ParentRunner.runChildren(ParentRunner.java:236)
	at org.junit.runners.ParentRunner.access$000(ParentRunner.java:53)
	at org.junit.runners.ParentRunner$2.evaluate(ParentRunner.java:229)
	at org.junit.internal.runners.statements.RunBefores.evaluate(RunBefores.java:26)
	at org.junit.runners.ParentRunner.run(ParentRunner.java:309)
	at junit.framework.JUnit4TestAdapter.run(JUnit4TestAdapter.java:38)
	at org.apache.tools.ant.taskdefs.optional.junit.JUnitTestRunner.run(JUnitTestRunner.java:532)
	at org.apache.tools.ant.taskdefs.optional.junit.JUnitTestRunner.launch(JUnitTestRunner.java:1165)
	at org.apache.tools.ant.taskdefs.optional.junit.JUnitTestRunner.main(JUnitTestRunner.java:1016)
]]></system-err>
</testsuite>
