Testsuite: edu.fgcu.stesting.uiesg.data.MouseActionInputDataUnitTest
Tests run: 5, Failures: 0, Errors: 5, Skipped: 0, Time elapsed: 0.078 sec

Testcase: testGetRange took 0.001 sec
	Caused an ERROR
test not implemented
java.lang.RuntimeException: test not implemented
	at edu.fgcu.stesting.uiesg.data.MouseActionInputDataUnitTest.testGetRange(MouseActionInputDataUnitTest.java:34)
	at org.eclipse.ant.internal.launching.remote.EclipseDefaultExecutor.executeTargets(EclipseDefaultExecutor.java:36)
	at org.eclipse.ant.internal.launching.remote.InternalAntRunner.run(InternalAntRunner.java:452)
	at org.eclipse.ant.internal.launching.remote.InternalAntRunner.main(InternalAntRunner.java:139)

Testcase: testSize took 0 sec
	Caused an ERROR
test not implemented
java.lang.RuntimeException: test not implemented
	at edu.fgcu.stesting.uiesg.data.MouseActionInputDataUnitTest.testSize(MouseActionInputDataUnitTest.java:29)
	at org.eclipse.ant.internal.launching.remote.EclipseDefaultExecutor.executeTargets(EclipseDefaultExecutor.java:36)
	at org.eclipse.ant.internal.launching.remote.InternalAntRunner.run(InternalAntRunner.java:452)
	at org.eclipse.ant.internal.launching.remote.InternalAntRunner.main(InternalAntRunner.java:139)

Testcase: testAddPoint took 0.001 sec
	Caused an ERROR
test not implemented
java.lang.RuntimeException: test not implemented
	at edu.fgcu.stesting.uiesg.data.MouseActionInputDataUnitTest.testAddPoint(MouseActionInputDataUnitTest.java:39)
	at org.eclipse.ant.internal.launching.remote.EclipseDefaultExecutor.executeTargets(EclipseDefaultExecutor.java:36)
	at org.eclipse.ant.internal.launching.remote.InternalAntRunner.run(InternalAntRunner.java:452)
	at org.eclipse.ant.internal.launching.remote.InternalAntRunner.main(InternalAntRunner.java:139)

Testcase: testIterate took 0 sec
	Caused an ERROR
test not implemented
java.lang.RuntimeException: test not implemented
	at edu.fgcu.stesting.uiesg.data.MouseActionInputDataUnitTest.testIterate(MouseActionInputDataUnitTest.java:44)
	at org.eclipse.ant.internal.launching.remote.EclipseDefaultExecutor.executeTargets(EclipseDefaultExecutor.java:36)
	at org.eclipse.ant.internal.launching.remote.InternalAntRunner.run(InternalAntRunner.java:452)
	at org.eclipse.ant.internal.launching.remote.InternalAntRunner.main(InternalAntRunner.java:139)

Testcase: testConstructor took 0.001 sec
	Caused an ERROR
test not implemented
java.lang.RuntimeException: test not implemented
	at edu.fgcu.stesting.uiesg.data.MouseActionInputDataUnitTest.testConstructor(MouseActionInputDataUnitTest.java:24)
	at org.eclipse.ant.internal.launching.remote.EclipseDefaultExecutor.executeTargets(EclipseDefaultExecutor.java:36)
	at org.eclipse.ant.internal.launching.remote.InternalAntRunner.run(InternalAntRunner.java:452)
	at org.eclipse.ant.internal.launching.remote.InternalAntRunner.main(InternalAntRunner.java:139)

