<?xml version="1.0" encoding="UTF-8" ?>
<testsuite errors="4" failures="2" hostname="oalpha-HP-2000-Notebook-PC" name="edu.fgcu.stesting.uiesg.data.SiteEfficiencyDataUnitTest" skipped="0" tests="16" time="0.458" timestamp="2015-03-26T04:51:27">
  <properties>
[...]
</properties>
  <testcase classname="edu.fgcu.stesting.uiesg.data.SiteEfficiencyDataUnitTest" name="testCalculateStatisticsLoaded" time="0.07" />
  <testcase classname="edu.fgcu.stesting.uiesg.data.SiteEfficiencyDataUnitTest" name="testCompileMouseDataLoaded" time="0.026">
    <error message="constructor not implemented" type="java.lang.RuntimeException">java.lang.RuntimeException: constructor not implemented
	at edu.fgcu.stesting.uiesg.data.imp.GraphOutputDataImp.&lt;init&gt;(GraphOutputDataImp.java:52)
	at edu.fgcu.stesting.uiesg.data.SiteEfficiencyData.compileMouseData(SiteEfficiencyData.java:515)
	at edu.fgcu.stesting.uiesg.data.SiteEfficiencyDataUnitTest.testCompileMouseDataLoaded(SiteEfficiencyDataUnitTest.java:351)
	at org.eclipse.ant.internal.launching.remote.EclipseDefaultExecutor.executeTargets(EclipseDefaultExecutor.java:36)
	at org.eclipse.ant.internal.launching.remote.InternalAntRunner.run(InternalAntRunner.java:452)
	at org.eclipse.ant.internal.launching.remote.InternalAntRunner.main(InternalAntRunner.java:139)
</error>
  </testcase>
  <testcase classname="edu.fgcu.stesting.uiesg.data.SiteEfficiencyDataUnitTest" name="testNewMouseDataLoaded" time="0.007" />
  <testcase classname="edu.fgcu.stesting.uiesg.data.SiteEfficiencyDataUnitTest" name="testGetForDomainExistsWithFile" time="0.005" />
  <testcase classname="edu.fgcu.stesting.uiesg.data.SiteEfficiencyDataUnitTest" name="testIsLoadedNotLoaded" time="0.004" />
  <testcase classname="edu.fgcu.stesting.uiesg.data.SiteEfficiencyDataUnitTest" name="testGetForDomainNotExists" time="0.002" />
  <testcase classname="edu.fgcu.stesting.uiesg.data.SiteEfficiencyDataUnitTest" name="testLoadDataFileNotExists" time="0.005" />
  <testcase classname="edu.fgcu.stesting.uiesg.data.SiteEfficiencyDataUnitTest" name="testUnloadDataLoaded" time="0.076">
    <failure message="wiki.unloadData() must return true" type="junit.framework.AssertionFailedError">junit.framework.AssertionFailedError: wiki.unloadData() must return true
	at edu.fgcu.stesting.uiesg.data.SiteEfficiencyDataUnitTest.testUnloadDataLoaded(SiteEfficiencyDataUnitTest.java:265)
	at org.eclipse.ant.internal.launching.remote.EclipseDefaultExecutor.executeTargets(EclipseDefaultExecutor.java:36)
	at org.eclipse.ant.internal.launching.remote.InternalAntRunner.run(InternalAntRunner.java:452)
	at org.eclipse.ant.internal.launching.remote.InternalAntRunner.main(InternalAntRunner.java:139)
</failure>
  </testcase>
  <testcase classname="edu.fgcu.stesting.uiesg.data.SiteEfficiencyDataUnitTest" name="testIsLoadedLoaded" time="0.034" />
  <testcase classname="edu.fgcu.stesting.uiesg.data.SiteEfficiencyDataUnitTest" name="testNewMouseDataNotLoaded" time="0.017">
    <error message="test not implemented" type="java.lang.RuntimeException">java.lang.RuntimeException: test not implemented
	at edu.fgcu.stesting.uiesg.data.SiteEfficiencyDataUnitTest.testNewMouseDataNotLoaded(SiteEfficiencyDataUnitTest.java:392)
	at org.eclipse.ant.internal.launching.remote.EclipseDefaultExecutor.executeTargets(EclipseDefaultExecutor.java:36)
	at org.eclipse.ant.internal.launching.remote.InternalAntRunner.run(InternalAntRunner.java:452)
	at org.eclipse.ant.internal.launching.remote.InternalAntRunner.main(InternalAntRunner.java:139)
</error>
  </testcase>
  <testcase classname="edu.fgcu.stesting.uiesg.data.SiteEfficiencyDataUnitTest" name="testLoadDataFileExists" time="0.039">
    <failure message="wiki.loadData() must return true" type="junit.framework.AssertionFailedError">junit.framework.AssertionFailedError: wiki.loadData() must return true
	at edu.fgcu.stesting.uiesg.data.SiteEfficiencyDataUnitTest.testLoadDataFileExists(SiteEfficiencyDataUnitTest.java:192)
	at org.eclipse.ant.internal.launching.remote.EclipseDefaultExecutor.executeTargets(EclipseDefaultExecutor.java:36)
	at org.eclipse.ant.internal.launching.remote.InternalAntRunner.run(InternalAntRunner.java:452)
	at org.eclipse.ant.internal.launching.remote.InternalAntRunner.main(InternalAntRunner.java:139)
</failure>
  </testcase>
  <testcase classname="edu.fgcu.stesting.uiesg.data.SiteEfficiencyDataUnitTest" name="testLoadDataFileLoaded" time="0.001" />
  <testcase classname="edu.fgcu.stesting.uiesg.data.SiteEfficiencyDataUnitTest" name="testUnloadDataNotLoaded" time="0.002" />
  <testcase classname="edu.fgcu.stesting.uiesg.data.SiteEfficiencyDataUnitTest" name="testCalculateStatisticsNotLoaded" time="0.015">
    <error message="test not implemented" type="java.lang.RuntimeException">java.lang.RuntimeException: test not implemented
	at edu.fgcu.stesting.uiesg.data.SiteEfficiencyDataUnitTest.testCalculateStatisticsNotLoaded(SiteEfficiencyDataUnitTest.java:410)
	at org.eclipse.ant.internal.launching.remote.EclipseDefaultExecutor.executeTargets(EclipseDefaultExecutor.java:36)
	at org.eclipse.ant.internal.launching.remote.InternalAntRunner.run(InternalAntRunner.java:452)
	at org.eclipse.ant.internal.launching.remote.InternalAntRunner.main(InternalAntRunner.java:139)
</error>
  </testcase>
  <testcase classname="edu.fgcu.stesting.uiesg.data.SiteEfficiencyDataUnitTest" name="testCompileMouseDataNotLoaded" time="0.01">
    <error message="test not implemented" type="java.lang.RuntimeException">java.lang.RuntimeException: test not implemented
	at edu.fgcu.stesting.uiesg.data.SiteEfficiencyDataUnitTest.testCompileMouseDataNotLoaded(SiteEfficiencyDataUnitTest.java:401)
	at org.eclipse.ant.internal.launching.remote.EclipseDefaultExecutor.executeTargets(EclipseDefaultExecutor.java:36)
	at org.eclipse.ant.internal.launching.remote.InternalAntRunner.run(InternalAntRunner.java:452)
	at org.eclipse.ant.internal.launching.remote.InternalAntRunner.main(InternalAntRunner.java:139)
</error>
  </testcase>
  <testcase classname="edu.fgcu.stesting.uiesg.data.SiteEfficiencyDataUnitTest" name="testGetForDomainExistsNoFile" time="0.015" />
  <system-out><![CDATA[]]></system-out>
  <system-err><![CDATA[java.io.EOFException
	at java.io.DataInputStream.readInt(DataInputStream.java:392)
	at edu.fgcu.stesting.uiesg.data.SiteEfficiencyData.loadData(SiteEfficiencyData.java:224)
	at edu.fgcu.stesting.uiesg.data.SiteEfficiencyDataUnitTest.testIsLoadedLoaded(SiteEfficiencyDataUnitTest.java:298)
	at sun.reflect.NativeMethodAccessorImpl.invoke0(Native Method)
	at sun.reflect.NativeMethodAccessorImpl.invoke(NativeMethodAccessorImpl.java:62)
	at sun.reflect.DelegatingMethodAccessorImpl.invoke(DelegatingMethodAccessorImpl.java:43)
	at java.lang.reflect.Method.invoke(Method.java:497)
	at org.junit.runners.model.FrameworkMethod$1.runReflectiveCall(FrameworkMethod.java:47)
	at org.junit.internal.runners.model.ReflectiveCallable.run(ReflectiveCallable.java:12)
	at org.junit.runners.model.FrameworkMethod.invokeExplosively(FrameworkMethod.java:44)
	at org.junit.internal.runners.statements.InvokeMethod.evaluate(InvokeMethod.java:17)
	at org.junit.internal.runners.statements.RunBefores.evaluate(RunBefores.java:26)
	at org.junit.internal.runners.statements.RunAfters.evaluate(RunAfters.java:27)
	at org.junit.runners.ParentRunner.runLeaf(ParentRunner.java:271)
	at org.junit.runners.BlockJUnit4ClassRunner.runChild(BlockJUnit4ClassRunner.java:70)
	at org.junit.runners.BlockJUnit4ClassRunner.runChild(BlockJUnit4ClassRunner.java:50)
	at org.junit.runners.ParentRunner$3.run(ParentRunner.java:238)
	at org.junit.runners.ParentRunner$1.schedule(ParentRunner.java:63)
	at org.junit.runners.ParentRunner.runChildren(ParentRunner.java:236)
	at org.junit.runners.ParentRunner.access$000(ParentRunner.java:53)
	at org.junit.runners.ParentRunner$2.evaluate(ParentRunner.java:229)
	at org.junit.internal.runners.statements.RunBefores.evaluate(RunBefores.java:26)
	at org.junit.runners.ParentRunner.run(ParentRunner.java:309)
	at junit.framework.JUnit4TestAdapter.run(JUnit4TestAdapter.java:38)
	at org.apache.tools.ant.taskdefs.optional.junit.JUnitTestRunner.run(JUnitTestRunner.java:523)
	at org.apache.tools.ant.taskdefs.optional.junit.JUnitTask.executeInVM(JUnitTask.java:1424)
	at org.apache.tools.ant.taskdefs.optional.junit.JUnitTask.execute(JUnitTask.java:852)
	at org.apache.tools.ant.taskdefs.optional.junit.JUnitTask.executeOrQueue(JUnitTask.java:1903)
	at org.apache.tools.ant.taskdefs.optional.junit.JUnitTask.execute(JUnitTask.java:804)
	at org.apache.tools.ant.UnknownElement.execute(UnknownElement.java:292)
	at sun.reflect.GeneratedMethodAccessor4.invoke(Unknown Source)
	at sun.reflect.DelegatingMethodAccessorImpl.invoke(DelegatingMethodAccessorImpl.java:43)
	at java.lang.reflect.Method.invoke(Method.java:497)
	at org.apache.tools.ant.dispatch.DispatchUtils.execute(DispatchUtils.java:106)
	at org.apache.tools.ant.Task.perform(Task.java:348)
	at org.apache.tools.ant.Target.execute(Target.java:435)
	at org.apache.tools.ant.Target.performTasks(Target.java:456)
	at org.apache.tools.ant.Project.executeSortedTargets(Project.java:1393)
	at org.apache.tools.ant.Project.executeTarget(Project.java:1364)
	at org.apache.tools.ant.helper.DefaultExecutor.executeTargets(DefaultExecutor.java:41)
	at org.eclipse.ant.internal.launching.remote.EclipseDefaultExecutor.executeTargets(EclipseDefaultExecutor.java:36)
	at org.apache.tools.ant.Project.executeTargets(Project.java:1248)
	at org.eclipse.ant.internal.launching.remote.InternalAntRunner.run(InternalAntRunner.java:452)
	at org.eclipse.ant.internal.launching.remote.InternalAntRunner.main(InternalAntRunner.java:139)
java.io.EOFException
	at java.io.DataInputStream.readInt(DataInputStream.java:392)
	at edu.fgcu.stesting.uiesg.data.SiteEfficiencyData.loadData(SiteEfficiencyData.java:224)
	at edu.fgcu.stesting.uiesg.data.SiteEfficiencyDataUnitTest.testLoadDataFileExists(SiteEfficiencyDataUnitTest.java:189)
	at sun.reflect.NativeMethodAccessorImpl.invoke0(Native Method)
	at sun.reflect.NativeMethodAccessorImpl.invoke(NativeMethodAccessorImpl.java:62)
	at sun.reflect.DelegatingMethodAccessorImpl.invoke(DelegatingMethodAccessorImpl.java:43)
	at java.lang.reflect.Method.invoke(Method.java:497)
	at org.junit.runners.model.FrameworkMethod$1.runReflectiveCall(FrameworkMethod.java:47)
	at org.junit.internal.runners.model.ReflectiveCallable.run(ReflectiveCallable.java:12)
	at org.junit.runners.model.FrameworkMethod.invokeExplosively(FrameworkMethod.java:44)
	at org.junit.internal.runners.statements.InvokeMethod.evaluate(InvokeMethod.java:17)
	at org.junit.internal.runners.statements.RunBefores.evaluate(RunBefores.java:26)
	at org.junit.internal.runners.statements.RunAfters.evaluate(RunAfters.java:27)
	at org.junit.runners.ParentRunner.runLeaf(ParentRunner.java:271)
	at org.junit.runners.BlockJUnit4ClassRunner.runChild(BlockJUnit4ClassRunner.java:70)
	at org.junit.runners.BlockJUnit4ClassRunner.runChild(BlockJUnit4ClassRunner.java:50)
	at org.junit.runners.ParentRunner$3.run(ParentRunner.java:238)
	at org.junit.runners.ParentRunner$1.schedule(ParentRunner.java:63)
	at org.junit.runners.ParentRunner.runChildren(ParentRunner.java:236)
	at org.junit.runners.ParentRunner.access$000(ParentRunner.java:53)
	at org.junit.runners.ParentRunner$2.evaluate(ParentRunner.java:229)
	at org.junit.internal.runners.statements.RunBefores.evaluate(RunBefores.java:26)
	at org.junit.runners.ParentRunner.run(ParentRunner.java:309)
	at junit.framework.JUnit4TestAdapter.run(JUnit4TestAdapter.java:38)
	at org.apache.tools.ant.taskdefs.optional.junit.JUnitTestRunner.run(JUnitTestRunner.java:523)
	at org.apache.tools.ant.taskdefs.optional.junit.JUnitTask.executeInVM(JUnitTask.java:1424)
	at org.apache.tools.ant.taskdefs.optional.junit.JUnitTask.execute(JUnitTask.java:852)
	at org.apache.tools.ant.taskdefs.optional.junit.JUnitTask.executeOrQueue(JUnitTask.java:1903)
	at org.apache.tools.ant.taskdefs.optional.junit.JUnitTask.execute(JUnitTask.java:804)
	at org.apache.tools.ant.UnknownElement.execute(UnknownElement.java:292)
	at sun.reflect.GeneratedMethodAccessor4.invoke(Unknown Source)
	at sun.reflect.DelegatingMethodAccessorImpl.invoke(DelegatingMethodAccessorImpl.java:43)
	at java.lang.reflect.Method.invoke(Method.java:497)
	at org.apache.tools.ant.dispatch.DispatchUtils.execute(DispatchUtils.java:106)
	at org.apache.tools.ant.Task.perform(Task.java:348)
	at org.apache.tools.ant.Target.execute(Target.java:435)
	at org.apache.tools.ant.Target.performTasks(Target.java:456)
	at org.apache.tools.ant.Project.executeSortedTargets(Project.java:1393)
	at org.apache.tools.ant.Project.executeTarget(Project.java:1364)
	at org.apache.tools.ant.helper.DefaultExecutor.executeTargets(DefaultExecutor.java:41)
	at org.eclipse.ant.internal.launching.remote.EclipseDefaultExecutor.executeTargets(EclipseDefaultExecutor.java:36)
	at org.apache.tools.ant.Project.executeTargets(Project.java:1248)
	at org.eclipse.ant.internal.launching.remote.InternalAntRunner.run(InternalAntRunner.java:452)
	at org.eclipse.ant.internal.launching.remote.InternalAntRunner.main(InternalAntRunner.java:139)
]]></system-err>
</testsuite>
